This is XeTeX, Version 3.14159265-2.6-0.999992 (TeX Live 2020) (preloaded format=xelatex 2020.4.12)  12 APR 2020 14:41
entering extended mode
 restricted \write18 enabled.
 %&-line parsing enabled.
**rules2014.tex
(./rules2014.tex
LaTeX2e <2020-02-02> patch level 5
L3 programming layer <2020-03-06>
(/opt/tex/share/texmf-dist/tex/latex/base/article.cls
Document Class: article 2019/12/20 v1.4l Standard LaTeX document class
(/opt/tex/share/texmf-dist/tex/latex/base/size10.clo
File: size10.clo 2019/12/20 v1.4l Standard LaTeX file (size option)
)
\c@part=\count163
\c@section=\count164
\c@subsection=\count165
\c@subsubsection=\count166
\c@paragraph=\count167
\c@subparagraph=\count168
\c@figure=\count169
\c@table=\count170
\abovecaptionskip=\skip47
\belowcaptionskip=\skip48
\bibindent=\dimen134
) (./dq2014.sty

LaTeX Warning: You have requested package `dq2014',
               but the package provides `dq'.

Package: dq 2020/03/04 v1.0 DQ style file
(/opt/tex/share/texmf-dist/tex/latex/libertine/libertine.sty
Package: libertine 2020/03/26 (Bob Tennent) Supports Libertine and Biolinum fon
ts for all LaTeX engines.

(/opt/tex/share/texmf-dist/tex/generic/iftex/ifxetex.sty
Package: ifxetex 2019/10/25 v0.7 ifxetex legacy package. Use iftex instead.

(/opt/tex/share/texmf-dist/tex/generic/iftex/iftex.sty
Package: iftex 2020/03/06 v1.0d TeX engine tests
))
(/opt/tex/share/texmf-dist/tex/generic/iftex/ifluatex.sty
Package: ifluatex 2019/10/25 v1.5 ifluatex legacy package. Use iftex instead.
)
(/opt/tex/share/texmf-dist/tex/latex/xkeyval/xkeyval.sty
Package: xkeyval 2014/12/03 v2.7a package option processing (HA)

(/opt/tex/share/texmf-dist/tex/generic/xkeyval/xkeyval.tex
(/opt/tex/share/texmf-dist/tex/generic/xkeyval/xkvutils.tex
\XKV@toks=\toks15
\XKV@tempa@toks=\toks16

(/opt/tex/share/texmf-dist/tex/generic/xkeyval/keyval.tex))
\XKV@depth=\count171
File: xkeyval.tex 2014/12/03 v2.7a key=value parser (HA)
))
(/opt/tex/share/texmf-dist/tex/latex/base/textcomp.sty
Package: textcomp 2020/02/02 v2.0n Standard LaTeX package
)
(/opt/tex/share/texmf-dist/tex/latex/fontspec/fontspec.sty
(/opt/tex/share/texmf-dist/tex/latex/l3packages/xparse/xparse.sty
(/opt/tex/share/texmf-dist/tex/latex/l3kernel/expl3.sty
Package: expl3 2020-03-06 L3 programming layer (loader) 

(/opt/tex/share/texmf-dist/tex/latex/l3backend/l3backend-xdvipdfmx.def
File: l3backend-xdvipdfmx.def 2020-03-12 L3 backend support: xdvipdfmx
\g__graphics_track_int=\count172
\l__pdf_internal_box=\box45
\g__pdf_backend_object_int=\count173
\g__pdf_backend_annotation_int=\count174
))
Package: xparse 2020-03-06 L3 Experimental document command parser
\l__xparse_current_arg_int=\count175
\g__xparse_grabber_int=\count176
\l__xparse_m_args_int=\count177
\l__xparse_v_nesting_int=\count178
)
Package: fontspec 2020/02/21 v2.7i Font selection for XeLaTeX and LuaLaTeX

(/opt/tex/share/texmf-dist/tex/latex/fontspec/fontspec-xetex.sty
Package: fontspec-xetex 2020/02/21 v2.7i Font selection for XeLaTeX and LuaLaTe
X
\l__fontspec_script_int=\count179
\l__fontspec_language_int=\count180
\l__fontspec_strnum_int=\count181
\l__fontspec_tmp_int=\count182
\l__fontspec_tmpa_int=\count183
\l__fontspec_tmpb_int=\count184
\l__fontspec_tmpc_int=\count185
\l__fontspec_em_int=\count186
\l__fontspec_emdef_int=\count187
\l__fontspec_strong_int=\count188
\l__fontspec_strongdef_int=\count189
\l__fontspec_tmpa_dim=\dimen135
\l__fontspec_tmpb_dim=\dimen136
\l__fontspec_tmpc_dim=\dimen137

(/opt/tex/share/texmf-dist/tex/latex/base/fontenc.sty
Package: fontenc 2020/02/11 v2.0o Standard LaTeX package
)
(/opt/tex/share/texmf-dist/tex/latex/fontspec/fontspec.cfg)))
Requested font "[LinLibertine_R.otf]/OT" at 9.99997pt
 -> /opt/tex/share/texmf-dist/fonts/opentype/public/libertine/LinLibertine_R.ot
f
Requested font "[LinLibertine_R.otf]/OT" at 10.00003pt
 -> /opt/tex/share/texmf-dist/fonts/opentype/public/libertine/LinLibertine_R.ot
f
Requested font "[LinLibertine_R.otf]/OT:script=latn;language=dflt;" at 10.00003
pt
 -> /opt/tex/share/texmf-dist/fonts/opentype/public/libertine/LinLibertine_R.ot
f
Requested font "[LinLibertine_RB.otf]/OT:script=latn;language=dflt;" at 10.0000
3pt
 -> /opt/tex/share/texmf-dist/fonts/opentype/public/libertine/LinLibertine_RB.o
tf
Requested font "[LinLibertine_RI.otf]/OT:script=latn;language=dflt;" at 10.0000
3pt
 -> /opt/tex/share/texmf-dist/fonts/opentype/public/libertine/LinLibertine_RI.o
tf
Requested font "[LinLibertine_RBI.otf]/OT:script=latn;language=dflt;" at 10.000
03pt
 -> /opt/tex/share/texmf-dist/fonts/opentype/public/libertine/LinLibertine_RBI.
otf

Package fontspec Info: Font family 'LinLibertine(0)' created for font
(fontspec)             'LinLibertine' with options [Ligatures = TeX,Extension
(fontspec)             =
(fontspec)             .otf,SmallCapsFeatures={Letters=SmallCaps},Ligatures=TeX
,Numbers
(fontspec)             = {Monospaced,Lining},Scale = 1,UprightFont =
(fontspec)             *_R,ItalicFont = *_RI,BoldFont = *_RB,BoldItalicFont =
(fontspec)             *_RBI].
(fontspec)              
(fontspec)              This font family consists of the following NFSS
(fontspec)             series/shapes:
(fontspec)              
(fontspec)             - 'normal' (m/n) with NFSS spec.:
(fontspec)             <->s*[1]"[LinLibertine_R.otf]/OT:script=latn;language=df
lt;+tnum;+lnum;mapping=tex-text;"
(fontspec)             - 'small caps'  (m/sc) with NFSS spec.:
(fontspec)             <->s*[1]"[LinLibertine_R.otf]/OT:script=latn;language=df
lt;+tnum;+lnum;+smcp;mapping=tex-text;"
(fontspec)             - 'bold' (b/n) with NFSS spec.:
(fontspec)             <->s*[1]"[LinLibertine_RB.otf]/OT:script=latn;language=d
flt;+tnum;+lnum;mapping=tex-text;"
(fontspec)             - 'bold small caps'  (b/sc) with NFSS spec.:
(fontspec)             <->s*[1]"[LinLibertine_RB.otf]/OT:script=latn;language=d
flt;+tnum;+lnum;+smcp;mapping=tex-text;"
(fontspec)             - 'italic' (m/it) with NFSS spec.:
(fontspec)             <->s*[1]"[LinLibertine_RI.otf]/OT:script=latn;language=d
flt;+tnum;+lnum;mapping=tex-text;"
(fontspec)             - 'italic small caps'  (m/scit) with NFSS spec.:
(fontspec)             <->s*[1]"[LinLibertine_RI.otf]/OT:script=latn;language=d
flt;+tnum;+lnum;+smcp;mapping=tex-text;"
(fontspec)             - 'bold italic' (b/it) with NFSS spec.:
(fontspec)             <->s*[1]"[LinLibertine_RBI.otf]/OT:script=latn;language=
dflt;+tnum;+lnum;mapping=tex-text;"
(fontspec)             - 'bold italic small caps'  (b/scit) with NFSS spec.:
(fontspec)             <->s*[1]"[LinLibertine_RBI.otf]/OT:script=latn;language=
dflt;+tnum;+lnum;+smcp;mapping=tex-text;"

LaTeX Font Info:    Font shape `TU/LinLibertine(0)/m/n' will be
(Font)              scaled to size 10.0pt on input line 308.
Requested font "[LinLibertine_R.otf]/OT:script=latn;language=dflt;+tnum;+lnum;m
apping=tex-text;" at 10.0pt
 -> /opt/tex/share/texmf-dist/fonts/opentype/public/libertine/LinLibertine_R.ot
f
Requested font "[LinBiolinum_R.otf]/OT" at 9.99997pt
 -> /opt/tex/share/texmf-dist/fonts/opentype/public/libertine/LinBiolinum_R.otf
Requested font "[LinBiolinum_R.otf]/OT" at 10.00003pt
 -> /opt/tex/share/texmf-dist/fonts/opentype/public/libertine/LinBiolinum_R.otf
Requested font "[LinBiolinum_R.otf]/OT:script=latn;language=dflt;" at 10.00003p
t
 -> /opt/tex/share/texmf-dist/fonts/opentype/public/libertine/LinBiolinum_R.otf
Requested font "[LinBiolinum_RB.otf]/OT:script=latn;language=dflt;" at 10.00003
pt
 -> /opt/tex/share/texmf-dist/fonts/opentype/public/libertine/LinBiolinum_RB.ot
f
Requested font "[LinBiolinum_RI.otf]/OT:script=latn;language=dflt;" at 10.00003
pt
 -> /opt/tex/share/texmf-dist/fonts/opentype/public/libertine/LinBiolinum_RI.ot
f
Requested font "[LinBiolinum_RBO.otf]/OT:script=latn;language=dflt;" at 10.0000
3pt
 -> /opt/tex/share/texmf-dist/fonts/opentype/public/libertine/LinBiolinum_RBO.o
tf

Package fontspec Info: Font family 'LinBiolinum(0)' created for font
(fontspec)             'LinBiolinum' with options [Ligatures = TeX,Extension =
(fontspec)             .otf,SmallCapsFeatures={Letters=SmallCaps},Ligatures=TeX
,Numbers
(fontspec)             = {Monospaced, Lining},Scale = 1,UprightFont =
(fontspec)             *_R,ItalicFont = *_RI,BoldFont = *_RB,BoldItalicFont =
(fontspec)             *_RBO].
(fontspec)              
(fontspec)              This font family consists of the following NFSS
(fontspec)             series/shapes:
(fontspec)              
(fontspec)             - 'normal' (m/n) with NFSS spec.:
(fontspec)             <->s*[1]"[LinBiolinum_R.otf]/OT:script=latn;language=dfl
t;+tnum;+lnum;mapping=tex-text;"
(fontspec)             - 'small caps'  (m/sc) with NFSS spec.:
(fontspec)             <->s*[1]"[LinBiolinum_R.otf]/OT:script=latn;language=dfl
t;+tnum;+lnum;+smcp;mapping=tex-text;"
(fontspec)             - 'bold' (b/n) with NFSS spec.:
(fontspec)             <->s*[1]"[LinBiolinum_RB.otf]/OT:script=latn;language=df
lt;+tnum;+lnum;mapping=tex-text;"
(fontspec)             - 'bold small caps'  (b/sc) with NFSS spec.:
(fontspec)             <->s*[1]"[LinBiolinum_RB.otf]/OT:script=latn;language=df
lt;+tnum;+lnum;+smcp;mapping=tex-text;"
(fontspec)             - 'italic' (m/it) with NFSS spec.:
(fontspec)             <->s*[1]"[LinBiolinum_RI.otf]/OT:script=latn;language=df
lt;+tnum;+lnum;mapping=tex-text;"
(fontspec)             - 'italic small caps'  (m/scit) with NFSS spec.:
(fontspec)             <->s*[1]"[LinBiolinum_RI.otf]/OT:script=latn;language=df
lt;+tnum;+lnum;+smcp;mapping=tex-text;"
(fontspec)             - 'bold italic' (b/it) with NFSS spec.:
(fontspec)             <->s*[1]"[LinBiolinum_RBO.otf]/OT:script=latn;language=d
flt;+tnum;+lnum;mapping=tex-text;"
(fontspec)             - 'bold italic small caps'  (b/scit) with NFSS spec.:
(fontspec)             <->s*[1]"[LinBiolinum_RBO.otf]/OT:script=latn;language=d
flt;+tnum;+lnum;+smcp;mapping=tex-text;"


Package fontspec Info: Font family 'LinLibertine(1)' created for font
(fontspec)             'LinLibertine' with options [Ligatures = TeX,Extension
(fontspec)             = .otf,SmallCapsFeatures={Letters=SmallCaps},Numbers =
(fontspec)             {Monospaced,Lining},Scale = 1,UprightFont =
(fontspec)             *_R,ItalicFont = *_RI,BoldFont = *_RB,BoldItalicFont =
(fontspec)             *_RBI].
(fontspec)              
(fontspec)              This font family consists of the following NFSS
(fontspec)             series/shapes:
(fontspec)              
(fontspec)             - 'normal' (m/n) with NFSS spec.:
(fontspec)             <->s*[1]"[LinLibertine_R.otf]/OT:script=latn;language=df
lt;+tnum;+lnum;mapping=tex-text;"
(fontspec)             - 'small caps'  (m/sc) with NFSS spec.:
(fontspec)             <->s*[1]"[LinLibertine_R.otf]/OT:script=latn;language=df
lt;+tnum;+lnum;+smcp;mapping=tex-text;"
(fontspec)             - 'bold' (b/n) with NFSS spec.:
(fontspec)             <->s*[1]"[LinLibertine_RB.otf]/OT:script=latn;language=d
flt;+tnum;+lnum;mapping=tex-text;"
(fontspec)             - 'bold small caps'  (b/sc) with NFSS spec.:
(fontspec)             <->s*[1]"[LinLibertine_RB.otf]/OT:script=latn;language=d
flt;+tnum;+lnum;+smcp;mapping=tex-text;"
(fontspec)             - 'italic' (m/it) with NFSS spec.:
(fontspec)             <->s*[1]"[LinLibertine_RI.otf]/OT:script=latn;language=d
flt;+tnum;+lnum;mapping=tex-text;"
(fontspec)             - 'italic small caps'  (m/scit) with NFSS spec.:
(fontspec)             <->s*[1]"[LinLibertine_RI.otf]/OT:script=latn;language=d
flt;+tnum;+lnum;+smcp;mapping=tex-text;"
(fontspec)             - 'bold italic' (b/it) with NFSS spec.:
(fontspec)             <->s*[1]"[LinLibertine_RBI.otf]/OT:script=latn;language=
dflt;+tnum;+lnum;mapping=tex-text;"
(fontspec)             - 'bold italic small caps'  (b/scit) with NFSS spec.:
(fontspec)             <->s*[1]"[LinLibertine_RBI.otf]/OT:script=latn;language=
dflt;+tnum;+lnum;+smcp;mapping=tex-text;"

Requested font "[LinLibertine_RZ.otf]/OT" at 9.99997pt
 -> /opt/tex/share/texmf-dist/fonts/opentype/public/libertine/LinLibertine_RZ.o
tf
Requested font "[LinLibertine_RZ.otf]/OT" at 10.00003pt
 -> /opt/tex/share/texmf-dist/fonts/opentype/public/libertine/LinLibertine_RZ.o
tf
Requested font "[LinLibertine_RZ.otf]/OT:script=latn;language=dflt;" at 10.0000
3pt
 -> /opt/tex/share/texmf-dist/fonts/opentype/public/libertine/LinLibertine_RZ.o
tf
Requested font "[LinLibertine_RZI.otf]/OT:script=latn;language=dflt;" at 10.000
03pt
 -> /opt/tex/share/texmf-dist/fonts/opentype/public/libertine/LinLibertine_RZI.
otf

Package fontspec Info: Font family 'LinLibertine(2)' created for font
(fontspec)             'LinLibertine' with options [Ligatures = TeX,Extension
(fontspec)             = .otf,SmallCapsFeatures={Letters=SmallCaps},Numbers =
(fontspec)             { Monospaced, Lining},Scale = 1,UprightFont =
(fontspec)             *_RZ,ItalicFont = *_RZI,BoldFont = *_RB,BoldItalicFont
(fontspec)             = *_RBI].
(fontspec)              
(fontspec)              This font family consists of the following NFSS
(fontspec)             series/shapes:
(fontspec)              
(fontspec)             - 'normal' (m/n) with NFSS spec.:
(fontspec)             <->s*[1]"[LinLibertine_RZ.otf]/OT:script=latn;language=d
flt;+tnum;+lnum;mapping=tex-text;"
(fontspec)             - 'small caps'  (m/sc) with NFSS spec.:
(fontspec)             <->s*[1]"[LinLibertine_RZ.otf]/OT:script=latn;language=d
flt;+tnum;+lnum;+smcp;mapping=tex-text;"
(fontspec)             - 'bold' (b/n) with NFSS spec.:
(fontspec)             <->s*[1]"[LinLibertine_RB.otf]/OT:script=latn;language=d
flt;+tnum;+lnum;mapping=tex-text;"
(fontspec)             - 'bold small caps'  (b/sc) with NFSS spec.:
(fontspec)             <->s*[1]"[LinLibertine_RB.otf]/OT:script=latn;language=d
flt;+tnum;+lnum;+smcp;mapping=tex-text;"
(fontspec)             - 'italic' (m/it) with NFSS spec.:
(fontspec)             <->s*[1]"[LinLibertine_RZI.otf]/OT:script=latn;language=
dflt;+tnum;+lnum;mapping=tex-text;"
(fontspec)             - 'italic small caps'  (m/scit) with NFSS spec.:
(fontspec)             <->s*[1]"[LinLibertine_RZI.otf]/OT:script=latn;language=
dflt;+tnum;+lnum;+smcp;mapping=tex-text;"
(fontspec)             - 'bold italic' (b/it) with NFSS spec.:
(fontspec)             <->s*[1]"[LinLibertine_RBI.otf]/OT:script=latn;language=
dflt;+tnum;+lnum;mapping=tex-text;"
(fontspec)             - 'bold italic small caps'  (b/scit) with NFSS spec.:
(fontspec)             <->s*[1]"[LinLibertine_RBI.otf]/OT:script=latn;language=
dflt;+tnum;+lnum;+smcp;mapping=tex-text;"


Package fontspec Info: Font family 'LinLibertine(3)' created for font
(fontspec)             'LinLibertine' with options [Ligatures = TeX,Extension
(fontspec)             = .otf,SmallCapsFeatures={Letters=SmallCaps},Numbers =
(fontspec)             {Monospaced,OldStyle},Scale = 1,UprightFont =
(fontspec)             *_R,ItalicFont = *_RI,BoldFont = *_RB,BoldItalicFont =
(fontspec)             *_RBI].
(fontspec)              
(fontspec)              This font family consists of the following NFSS
(fontspec)             series/shapes:
(fontspec)              
(fontspec)             - 'normal' (m/n) with NFSS spec.:
(fontspec)             <->s*[1]"[LinLibertine_R.otf]/OT:script=latn;language=df
lt;+tnum;+onum;mapping=tex-text;"
(fontspec)             - 'small caps'  (m/sc) with NFSS spec.:
(fontspec)             <->s*[1]"[LinLibertine_R.otf]/OT:script=latn;language=df
lt;+tnum;+onum;+smcp;mapping=tex-text;"
(fontspec)             - 'bold' (b/n) with NFSS spec.:
(fontspec)             <->s*[1]"[LinLibertine_RB.otf]/OT:script=latn;language=d
flt;+tnum;+onum;mapping=tex-text;"
(fontspec)             - 'bold small caps'  (b/sc) with NFSS spec.:
(fontspec)             <->s*[1]"[LinLibertine_RB.otf]/OT:script=latn;language=d
flt;+tnum;+onum;+smcp;mapping=tex-text;"
(fontspec)             - 'italic' (m/it) with NFSS spec.:
(fontspec)             <->s*[1]"[LinLibertine_RI.otf]/OT:script=latn;language=d
flt;+tnum;+onum;mapping=tex-text;"
(fontspec)             - 'italic small caps'  (m/scit) with NFSS spec.:
(fontspec)             <->s*[1]"[LinLibertine_RI.otf]/OT:script=latn;language=d
flt;+tnum;+onum;+smcp;mapping=tex-text;"
(fontspec)             - 'bold italic' (b/it) with NFSS spec.:
(fontspec)             <->s*[1]"[LinLibertine_RBI.otf]/OT:script=latn;language=
dflt;+tnum;+onum;mapping=tex-text;"
(fontspec)             - 'bold italic small caps'  (b/scit) with NFSS spec.:
(fontspec)             <->s*[1]"[LinLibertine_RBI.otf]/OT:script=latn;language=
dflt;+tnum;+onum;+smcp;mapping=tex-text;"

Requested font "[LinLibertine_DR.otf]/OT" at 9.99997pt
 -> /opt/tex/share/texmf-dist/fonts/opentype/public/libertine/LinLibertine_DR.o
tf
Requested font "[LinLibertine_DR.otf]/OT" at 10.00003pt
 -> /opt/tex/share/texmf-dist/fonts/opentype/public/libertine/LinLibertine_DR.o
tf
Requested font "[LinLibertine_DR.otf]/OT:script=latn;language=dflt;" at 10.0000
3pt
 -> /opt/tex/share/texmf-dist/fonts/opentype/public/libertine/LinLibertine_DR.o
tf

Package fontspec Info: Font family 'LinLibertine(4)' created for font
(fontspec)             'LinLibertine' with options [Ligatures = TeX,Extension
(fontspec)             = .otf,SmallCapsFeatures={Letters=SmallCaps},Numbers =
(fontspec)             {Monospaced,Lining},UprightFont = *_DR,ItalicFont =
(fontspec)             *_RI,BoldFont = *_RB,BoldItalicFont = *_RBI].
(fontspec)              
(fontspec)              This font family consists of the following NFSS
(fontspec)             series/shapes:
(fontspec)              
(fontspec)             - 'normal' (m/n) with NFSS spec.:
(fontspec)             <->"[LinLibertine_DR.otf]/OT:script=latn;language=dflt;+
tnum;+lnum;mapping=tex-text;"
(fontspec)             - 'small caps'  (m/sc) with NFSS spec.: 
(fontspec)             - 'bold' (b/n) with NFSS spec.:
(fontspec)             <->"[LinLibertine_RB.otf]/OT:script=latn;language=dflt;+
tnum;+lnum;mapping=tex-text;"
(fontspec)             - 'bold small caps'  (b/sc) with NFSS spec.:
(fontspec)             <->"[LinLibertine_RB.otf]/OT:script=latn;language=dflt;+
tnum;+lnum;+smcp;mapping=tex-text;"
(fontspec)             - 'italic' (m/it) with NFSS spec.:
(fontspec)             <->"[LinLibertine_RI.otf]/OT:script=latn;language=dflt;+
tnum;+lnum;mapping=tex-text;"
(fontspec)             - 'italic small caps'  (m/scit) with NFSS spec.:
(fontspec)             <->"[LinLibertine_RI.otf]/OT:script=latn;language=dflt;+
tnum;+lnum;+smcp;mapping=tex-text;"
(fontspec)             - 'bold italic' (b/it) with NFSS spec.:
(fontspec)             <->"[LinLibertine_RBI.otf]/OT:script=latn;language=dflt;
+tnum;+lnum;mapping=tex-text;"
(fontspec)             - 'bold italic small caps'  (b/scit) with NFSS spec.:
(fontspec)             <->"[LinLibertine_RBI.otf]/OT:script=latn;language=dflt;
+tnum;+lnum;+smcp;mapping=tex-text;"


Package fontspec Info: Font family 'LinBiolinum(1)' created for font
(fontspec)             'LinBiolinum' with options [Ligatures = TeX,Extension =
(fontspec)             .otf,SmallCapsFeatures={Letters=SmallCaps},Numbers =
(fontspec)             {Monospaced, Lining},Scale = 1,UprightFont =
(fontspec)             *_R,ItalicFont = *_RI,BoldFont = *_RB,BoldItalicFont =
(fontspec)             *_RBO].
(fontspec)              
(fontspec)              This font family consists of the following NFSS
(fontspec)             series/shapes:
(fontspec)              
(fontspec)             - 'normal' (m/n) with NFSS spec.:
(fontspec)             <->s*[1]"[LinBiolinum_R.otf]/OT:script=latn;language=dfl
t;+tnum;+lnum;mapping=tex-text;"
(fontspec)             - 'small caps'  (m/sc) with NFSS spec.:
(fontspec)             <->s*[1]"[LinBiolinum_R.otf]/OT:script=latn;language=dfl
t;+tnum;+lnum;+smcp;mapping=tex-text;"
(fontspec)             - 'bold' (b/n) with NFSS spec.:
(fontspec)             <->s*[1]"[LinBiolinum_RB.otf]/OT:script=latn;language=df
lt;+tnum;+lnum;mapping=tex-text;"
(fontspec)             - 'bold small caps'  (b/sc) with NFSS spec.:
(fontspec)             <->s*[1]"[LinBiolinum_RB.otf]/OT:script=latn;language=df
lt;+tnum;+lnum;+smcp;mapping=tex-text;"
(fontspec)             - 'italic' (m/it) with NFSS spec.:
(fontspec)             <->s*[1]"[LinBiolinum_RI.otf]/OT:script=latn;language=df
lt;+tnum;+lnum;mapping=tex-text;"
(fontspec)             - 'italic small caps'  (m/scit) with NFSS spec.:
(fontspec)             <->s*[1]"[LinBiolinum_RI.otf]/OT:script=latn;language=df
lt;+tnum;+lnum;+smcp;mapping=tex-text;"
(fontspec)             - 'bold italic' (b/it) with NFSS spec.:
(fontspec)             <->s*[1]"[LinBiolinum_RBO.otf]/OT:script=latn;language=d
flt;+tnum;+lnum;mapping=tex-text;"
(fontspec)             - 'bold italic small caps'  (b/scit) with NFSS spec.:
(fontspec)             <->s*[1]"[LinBiolinum_RBO.otf]/OT:script=latn;language=d
flt;+tnum;+lnum;+smcp;mapping=tex-text;"


Package fontspec Info: Font family 'LinBiolinum(2)' created for font
(fontspec)             'LinBiolinum' with options [Ligatures = TeX,Extension =
(fontspec)             .otf,SmallCapsFeatures={Letters=SmallCaps},Numbers =
(fontspec)             {Monospaced, OldStyle},Scale = 1,UprightFont =
(fontspec)             *_R,ItalicFont = *_RI,BoldFont = *_RB,BoldItalicFont =
(fontspec)             *_RBO].
(fontspec)              
(fontspec)              This font family consists of the following NFSS
(fontspec)             series/shapes:
(fontspec)              
(fontspec)             - 'normal' (m/n) with NFSS spec.:
(fontspec)             <->s*[1]"[LinBiolinum_R.otf]/OT:script=latn;language=dfl
t;+tnum;+onum;mapping=tex-text;"
(fontspec)             - 'small caps'  (m/sc) with NFSS spec.:
(fontspec)             <->s*[1]"[LinBiolinum_R.otf]/OT:script=latn;language=dfl
t;+tnum;+onum;+smcp;mapping=tex-text;"
(fontspec)             - 'bold' (b/n) with NFSS spec.:
(fontspec)             <->s*[1]"[LinBiolinum_RB.otf]/OT:script=latn;language=df
lt;+tnum;+onum;mapping=tex-text;"
(fontspec)             - 'bold small caps'  (b/sc) with NFSS spec.:
(fontspec)             <->s*[1]"[LinBiolinum_RB.otf]/OT:script=latn;language=df
lt;+tnum;+onum;+smcp;mapping=tex-text;"
(fontspec)             - 'italic' (m/it) with NFSS spec.:
(fontspec)             <->s*[1]"[LinBiolinum_RI.otf]/OT:script=latn;language=df
lt;+tnum;+onum;mapping=tex-text;"
(fontspec)             - 'italic small caps'  (m/scit) with NFSS spec.:
(fontspec)             <->s*[1]"[LinBiolinum_RI.otf]/OT:script=latn;language=df
lt;+tnum;+onum;+smcp;mapping=tex-text;"
(fontspec)             - 'bold italic' (b/it) with NFSS spec.:
(fontspec)             <->s*[1]"[LinBiolinum_RBO.otf]/OT:script=latn;language=d
flt;+tnum;+onum;mapping=tex-text;"
(fontspec)             - 'bold italic small caps'  (b/scit) with NFSS spec.:
(fontspec)             <->s*[1]"[LinBiolinum_RBO.otf]/OT:script=latn;language=d
flt;+tnum;+onum;+smcp;mapping=tex-text;"

Requested font "[LinLibertine_M.otf]/OT" at 9.99997pt
 -> /opt/tex/share/texmf-dist/fonts/opentype/public/libertine/LinLibertine_M.ot
f
Requested font "[LinLibertine_M.otf]/OT" at 10.00003pt
 -> /opt/tex/share/texmf-dist/fonts/opentype/public/libertine/LinLibertine_M.ot
f
Requested font "[LinLibertine_M.otf]/OT:script=latn;language=dflt;" at 10.00003
pt
 -> /opt/tex/share/texmf-dist/fonts/opentype/public/libertine/LinLibertine_M.ot
f
Requested font "[LinLibertine_MB.otf]/OT:script=latn;language=dflt;" at 10.0000
3pt
 -> /opt/tex/share/texmf-dist/fonts/opentype/public/libertine/LinLibertine_MB.o
tf
Requested font "[LinLibertine_MO.otf]/OT:script=latn;language=dflt;" at 10.0000
3pt
 -> /opt/tex/share/texmf-dist/fonts/opentype/public/libertine/LinLibertine_MO.o
tf
Requested font "[LinLibertine_MBO.otf]/OT:script=latn;language=dflt;" at 10.000
03pt
 -> /opt/tex/share/texmf-dist/fonts/opentype/public/libertine/LinLibertine_MBO.
otf

Package fontspec Info: Font family 'LinLibertine(5)' created for font
(fontspec)             'LinLibertine' with options [Extension =
(fontspec)             .otf,HyphenChar=None,WordSpace={1,0,0},HyphenChar=None,P
unctuationSpace=WordSpace,Scale
(fontspec)             = 1,UprightFont = *_M,ItalicFont = *_MO,BoldFont =
(fontspec)             *_MB,BoldItalicFont = *_MBO].
(fontspec)              
(fontspec)              This font family consists of the following NFSS
(fontspec)             series/shapes:
(fontspec)              
(fontspec)             - 'normal' (m/n) with NFSS spec.:
(fontspec)             <->s*[1]"[LinLibertine_M.otf]/OT:script=latn;language=df
lt;"
(fontspec)             - 'small caps'  (m/sc) with NFSS spec.: 
(fontspec)             and font adjustment code:
(fontspec)             \fontdimen 2\font =1\fontdimen 2\font \fontdimen 3\font
(fontspec)             =0\fontdimen 3\font \fontdimen 4\font =0\fontdimen
(fontspec)             4\font \fontdimen 7\font =0\fontdimen 2\font
(fontspec)             \tex_hyphenchar:D \font =-1\scan_stop:
(fontspec)             \tex_hyphenchar:D \font =-1\scan_stop: 
(fontspec)             - 'bold' (b/n) with NFSS spec.:
(fontspec)             <->s*[1]"[LinLibertine_MB.otf]/OT:script=latn;language=d
flt;"
(fontspec)             - 'bold small caps'  (b/sc) with NFSS spec.: 
(fontspec)             and font adjustment code:
(fontspec)             \fontdimen 2\font =1\fontdimen 2\font \fontdimen 3\font
(fontspec)             =0\fontdimen 3\font \fontdimen 4\font =0\fontdimen
(fontspec)             4\font \fontdimen 7\font =0\fontdimen 2\font
(fontspec)             \tex_hyphenchar:D \font =-1\scan_stop:
(fontspec)             \tex_hyphenchar:D \font =-1\scan_stop: 
(fontspec)             - 'italic' (m/it) with NFSS spec.:
(fontspec)             <->s*[1]"[LinLibertine_MO.otf]/OT:script=latn;language=d
flt;"
(fontspec)             - 'italic small caps'  (m/scit) with NFSS spec.: 
(fontspec)             and font adjustment code:
(fontspec)             \fontdimen 2\font =1\fontdimen 2\font \fontdimen 3\font
(fontspec)             =0\fontdimen 3\font \fontdimen 4\font =0\fontdimen
(fontspec)             4\font \fontdimen 7\font =0\fontdimen 2\font
(fontspec)             \tex_hyphenchar:D \font =-1\scan_stop:
(fontspec)             \tex_hyphenchar:D \font =-1\scan_stop: 
(fontspec)             - 'bold italic' (b/it) with NFSS spec.:
(fontspec)             <->s*[1]"[LinLibertine_MBO.otf]/OT:script=latn;language=
dflt;"
(fontspec)             - 'bold italic small caps'  (b/scit) with NFSS spec.: 
(fontspec)             and font adjustment code:
(fontspec)             \fontdimen 2\font =1\fontdimen 2\font \fontdimen 3\font
(fontspec)             =0\fontdimen 3\font \fontdimen 4\font =0\fontdimen
(fontspec)             4\font \fontdimen 7\font =0\fontdimen 2\font
(fontspec)             \tex_hyphenchar:D \font =-1\scan_stop:
(fontspec)             \tex_hyphenchar:D \font =-1\scan_stop: 


Package fontspec Info: Font family 'LinLibertine(6)' created for font
(fontspec)             'LinLibertine' with options [Extension =
(fontspec)             .otf,HyphenChar=None,Scale = 1,UprightFont =
(fontspec)             *_M,ItalicFont = *_MO,BoldFont = *_MB,BoldItalicFont =
(fontspec)             *_MBO].
(fontspec)              
(fontspec)              This font family consists of the following NFSS
(fontspec)             series/shapes:
(fontspec)              
(fontspec)             - 'normal' (m/n) with NFSS spec.:
(fontspec)             <->s*[1]"[LinLibertine_M.otf]/OT:script=latn;language=df
lt;"
(fontspec)             - 'small caps'  (m/sc) with NFSS spec.: 
(fontspec)             and font adjustment code:
(fontspec)             \tex_hyphenchar:D \font =-1\scan_stop: 
(fontspec)             - 'bold' (b/n) with NFSS spec.:
(fontspec)             <->s*[1]"[LinLibertine_MB.otf]/OT:script=latn;language=d
flt;"
(fontspec)             - 'bold small caps'  (b/sc) with NFSS spec.: 
(fontspec)             and font adjustment code:
(fontspec)             \tex_hyphenchar:D \font =-1\scan_stop: 
(fontspec)             - 'italic' (m/it) with NFSS spec.:
(fontspec)             <->s*[1]"[LinLibertine_MO.otf]/OT:script=latn;language=d
flt;"
(fontspec)             - 'italic small caps'  (m/scit) with NFSS spec.: 
(fontspec)             and font adjustment code:
(fontspec)             \tex_hyphenchar:D \font =-1\scan_stop: 
(fontspec)             - 'bold italic' (b/it) with NFSS spec.:
(fontspec)             <->s*[1]"[LinLibertine_MBO.otf]/OT:script=latn;language=
dflt;"
(fontspec)             - 'bold italic small caps'  (b/scit) with NFSS spec.: 
(fontspec)             and font adjustment code:
(fontspec)             \tex_hyphenchar:D \font =-1\scan_stop: 

Requested font "[LinBiolinum_K.otf]/OT" at 9.99997pt
 -> /opt/tex/share/texmf-dist/fonts/opentype/public/libertine/LinBiolinum_K.otf
Requested font "[LinBiolinum_K.otf]/OT" at 10.00003pt
 -> /opt/tex/share/texmf-dist/fonts/opentype/public/libertine/LinBiolinum_K.otf
Requested font "[LinBiolinum_K.otf]/OT:script=latn;language=dflt;" at 10.00003p
t
 -> /opt/tex/share/texmf-dist/fonts/opentype/public/libertine/LinBiolinum_K.otf

Package fontspec Info: Font family 'LinBiolinum_K(0)' created for font
(fontspec)             'LinBiolinum_K' with options [Extension =
(fontspec)             .otf,HyphenChar=None,BoldFont={},ItalicFont={},SmallCaps
Font={}].
(fontspec)              
(fontspec)              This font family consists of the following NFSS
(fontspec)             series/shapes:
(fontspec)              
(fontspec)             - 'normal' (m/n) with NFSS spec.:
(fontspec)             <->"[LinBiolinum_K.otf]/OT:script=latn;language=dflt;"
(fontspec)             - 'small caps'  (m/sc) with NFSS spec.: 
(fontspec)             and font adjustment code:
(fontspec)             \tex_hyphenchar:D \font =-1\scan_stop: 

Requested font "[LinLibertine_I.otf]/OT" at 9.99997pt
 -> /opt/tex/share/texmf-dist/fonts/opentype/public/libertine/LinLibertine_I.ot
f
Requested font "[LinLibertine_I.otf]/OT" at 10.00003pt
 -> /opt/tex/share/texmf-dist/fonts/opentype/public/libertine/LinLibertine_I.ot
f
Requested font "[LinLibertine_I.otf]/OT:script=latn;language=dflt;" at 10.00003
pt
 -> /opt/tex/share/texmf-dist/fonts/opentype/public/libertine/LinLibertine_I.ot
f

Package fontspec Info: Font family 'LinLibertine_I(0)' created for font
(fontspec)             'LinLibertine_I' with options [Extension =
(fontspec)             .otf,HyphenChar=None,BoldFont={},ItalicFont={},SmallCaps
Font={}].
(fontspec)              
(fontspec)              This font family consists of the following NFSS
(fontspec)             series/shapes:
(fontspec)              
(fontspec)             - 'normal' (m/n) with NFSS spec.:
(fontspec)             <->"[LinLibertine_I.otf]/OT:script=latn;language=dflt;"
(fontspec)             - 'small caps'  (m/sc) with NFSS spec.: 
(fontspec)             and font adjustment code:
(fontspec)             \tex_hyphenchar:D \font =-1\scan_stop: 

LaTeX Info: Redefining \oldstylenums on input line 474.
LaTeX Info: Redefining \liningnums on input line 475.

(/opt/tex/share/texmf-dist/tex/latex/libertine/LinLibertine_R.tex)
(/opt/tex/share/texmf-dist/tex/latex/libertine/LinBiolinum_R.tex)
(/opt/tex/share/texmf-dist/tex/latex/libertine/LinBiolinum_K.tex)
(/opt/tex/share/texmf-dist/tex/latex/libertine/LinLibertine_I.tex)
(/opt/tex/share/texmf-dist/tex/latex/libertine/LKey.tex))
(/opt/tex/share/texmf-dist/tex/latex/geometry/geometry.sty
Package: geometry 2020/01/02 v5.9 Page Geometry

(/opt/tex/share/texmf-dist/tex/generic/iftex/ifvtex.sty
Package: ifvtex 2019/10/25 v1.7 ifvtex legacy package. Use iftex instead.
)
\Gm@cnth=\count190
\Gm@cntv=\count191
\c@Gm@tempcnt=\count192
\Gm@bindingoffset=\dimen138
\Gm@wd@mp=\dimen139
\Gm@odd@mp=\dimen140
\Gm@even@mp=\dimen141
\Gm@layoutwidth=\dimen142
\Gm@layoutheight=\dimen143
\Gm@layouthoffset=\dimen144
\Gm@layoutvoffset=\dimen145
\Gm@dimlist=\toks17
))
(/home/ralexand/dq/documents/styles/multicol.sty
Package: multicol 2014/10/28 v1.8i multicolumn formatting (FMi)
\c@tracingmulticols=\count193
\mult@box=\box46
\multicol@leftmargin=\dimen146
\c@unbalance=\count194
\c@collectmore=\count195
\doublecol@number=\count196
\multicoltolerance=\count197
\multicolpretolerance=\count198
\full@width=\dimen147
\page@free=\dimen148
\premulticols=\dimen149
\postmulticols=\dimen150
\multicolsep=\skip49
\multicolbaselineskip=\skip50
\partial@page=\box47
\last@line=\box48
\maxbalancingoverflow=\dimen151
\mult@rightbox=\box49
\mult@grightbox=\box50
\mult@gfirstbox=\box51
\mult@firstbox=\box52
\@tempa=\box53
\@tempa=\box54
\@tempa=\box55
\@tempa=\box56
\@tempa=\box57
\@tempa=\box58
\@tempa=\box59
\@tempa=\box60
\@tempa=\box61
\@tempa=\box62
\@tempa=\box63
\@tempa=\box64
\@tempa=\box65
\@tempa=\box66
\@tempa=\box67
\@tempa=\box68
\@tempa=\box69
\c@columnbadness=\count199
\c@finalcolumnbadness=\count266
\last@try=\dimen152
\multicolovershoot=\dimen153
\multicolundershoot=\dimen154
\mult@nat@firstbox=\box70
\colbreak@box=\box71
\mc@col@check@num=\count267
) (./rules2014.aux)
\openout1 = `rules2014.aux'.

LaTeX Font Info:    Checking defaults for OML/cmm/m/it on input line 11.
LaTeX Font Info:    ... okay on input line 11.
LaTeX Font Info:    Checking defaults for OMS/cmsy/m/n on input line 11.
LaTeX Font Info:    ... okay on input line 11.
LaTeX Font Info:    Checking defaults for OT1/cmr/m/n on input line 11.
LaTeX Font Info:    ... okay on input line 11.
LaTeX Font Info:    Checking defaults for T1/cmr/m/n on input line 11.
LaTeX Font Info:    ... okay on input line 11.
LaTeX Font Info:    Checking defaults for TS1/cmr/m/n on input line 11.
LaTeX Font Info:    Trying to load font information for TS1+cmr on input line 1
1.

(/opt/tex/share/texmf-dist/tex/latex/base/ts1cmr.fd
File: ts1cmr.fd 2019/12/16 v2.5j Standard LaTeX font definitions
)
LaTeX Font Info:    ... okay on input line 11.
LaTeX Font Info:    Checking defaults for TU/lmr/m/n on input line 11.
LaTeX Font Info:    ... okay on input line 11.
LaTeX Font Info:    Checking defaults for OMX/cmex/m/n on input line 11.
LaTeX Font Info:    ... okay on input line 11.
LaTeX Font Info:    Checking defaults for U/cmr/m/n on input line 11.
LaTeX Font Info:    ... okay on input line 11.

Package fontspec Info: Adjusting the maths setup (use [no-math] to avoid
(fontspec)             this).

\symlegacymaths=\mathgroup4
LaTeX Font Info:    Overwriting symbol font `legacymaths' in version `bold'
(Font)                  OT1/cmr/m/n --> OT1/cmr/bx/n on input line 11.
LaTeX Font Info:    Redeclaring math accent \acute on input line 11.
LaTeX Font Info:    Redeclaring math accent \grave on input line 11.
LaTeX Font Info:    Redeclaring math accent \ddot on input line 11.
LaTeX Font Info:    Redeclaring math accent \tilde on input line 11.
LaTeX Font Info:    Redeclaring math accent \bar on input line 11.
LaTeX Font Info:    Redeclaring math accent \breve on input line 11.
LaTeX Font Info:    Redeclaring math accent \check on input line 11.
LaTeX Font Info:    Redeclaring math accent \hat on input line 11.
LaTeX Font Info:    Redeclaring math accent \dot on input line 11.
LaTeX Font Info:    Redeclaring math accent \mathring on input line 11.
LaTeX Font Info:    Redeclaring math symbol \colon on input line 11.
LaTeX Font Info:    Redeclaring math symbol \Gamma on input line 11.
LaTeX Font Info:    Redeclaring math symbol \Delta on input line 11.
LaTeX Font Info:    Redeclaring math symbol \Theta on input line 11.
LaTeX Font Info:    Redeclaring math symbol \Lambda on input line 11.
LaTeX Font Info:    Redeclaring math symbol \Xi on input line 11.
LaTeX Font Info:    Redeclaring math symbol \Pi on input line 11.
LaTeX Font Info:    Redeclaring math symbol \Sigma on input line 11.
LaTeX Font Info:    Redeclaring math symbol \Upsilon on input line 11.
LaTeX Font Info:    Redeclaring math symbol \Phi on input line 11.
LaTeX Font Info:    Redeclaring math symbol \Psi on input line 11.
LaTeX Font Info:    Redeclaring math symbol \Omega on input line 11.
LaTeX Font Info:    Redeclaring math symbol \mathdollar on input line 11.
LaTeX Font Info:    Redeclaring symbol font `operators' on input line 11.
LaTeX Font Info:    Encoding `OT1' has changed to `TU' for symbol font
(Font)              `operators' in the math version `normal' on input line 11.
LaTeX Font Info:    Overwriting symbol font `operators' in version `normal'
(Font)                  OT1/cmr/m/n --> TU/LinLibertine(0)/m/n on input line 11
.
LaTeX Font Info:    Encoding `OT1' has changed to `TU' for symbol font
(Font)              `operators' in the math version `bold' on input line 11.
LaTeX Font Info:    Overwriting symbol font `operators' in version `bold'
(Font)                  OT1/cmr/bx/n --> TU/LinLibertine(0)/m/n on input line 1
1.
LaTeX Font Info:    Overwriting symbol font `operators' in version `normal'
(Font)                  TU/LinLibertine(0)/m/n --> TU/LinLibertine(0)/m/n on in
put line 11.
LaTeX Font Info:    Overwriting math alphabet `\mathit' in version `normal'
(Font)                  OT1/cmr/m/it --> TU/LinLibertine(0)/m/it on input line 
11.
LaTeX Font Info:    Overwriting math alphabet `\mathbf' in version `normal'
(Font)                  OT1/cmr/bx/n --> TU/LinLibertine(0)/b/n on input line 1
1.
LaTeX Font Info:    Overwriting math alphabet `\mathsf' in version `normal'
(Font)                  OT1/cmss/m/n --> TU/LinBiolinum(0)/m/n on input line 11
.
LaTeX Font Info:    Overwriting math alphabet `\mathtt' in version `normal'
(Font)                  OT1/cmtt/m/n --> TU/LinLibertine(5)/m/n on input line 1
1.
LaTeX Font Info:    Overwriting symbol font `operators' in version `bold'
(Font)                  TU/LinLibertine(0)/m/n --> TU/LinLibertine(0)/b/n on in
put line 11.
LaTeX Font Info:    Overwriting math alphabet `\mathit' in version `bold'
(Font)                  OT1/cmr/bx/it --> TU/LinLibertine(0)/b/it on input line
 11.
LaTeX Font Info:    Overwriting math alphabet `\mathsf' in version `bold'
(Font)                  OT1/cmss/bx/n --> TU/LinBiolinum(0)/b/n on input line 1
1.
LaTeX Font Info:    Overwriting math alphabet `\mathtt' in version `bold'
(Font)                  OT1/cmtt/m/n --> TU/LinLibertine(5)/b/n on input line 1
1.

*geometry* driver: auto-detecting
*geometry* detected driver: xetex
*geometry* verbose mode - [ preamble ] result:
* driver: xetex
* paper: a4paper
* layout: <same size as paper>
* layoutoffset:(h,v)=(0.0pt,0.0pt)
* modes: 
* h-part:(L,W,R)=(89.62709pt, 418.25368pt, 89.6271pt)
* v-part:(T,H,B)=(101.40665pt, 591.5302pt, 152.11pt)
* \paperwidth=597.50787pt
* \paperheight=845.04684pt
* \textwidth=418.25368pt
* \textheight=591.5302pt
* \oddsidemargin=17.3571pt
* \evensidemargin=17.3571pt
* \topmargin=-7.86334pt
* \headheight=12.0pt
* \headsep=25.0pt
* \topskip=10.0pt
* \footskip=30.0pt
* \marginparwidth=57.0pt
* \marginparsep=11.0pt
* \columnsep=10.0pt
* \skip\footins=9.0pt plus 4.0pt minus 2.0pt
* \hoffset=0.0pt
* \voffset=0.0pt
* \mag=1000
* \@twocolumnfalse
* \@twosidefalse
* \@mparswitchfalse
* \@reversemarginfalse
* (1in=72.27pt=25.4mm, 1cm=28.453pt)

LaTeX Font Info:    Font shape `TU/LinLibertine(0)/m/n' will be
(Font)              scaled to size 14.4pt on input line 24.
Requested font "[LinLibertine_R.otf]/OT:script=latn;language=dflt;+tnum;+lnum;m
apping=tex-text;" at 14.4pt
 -> /opt/tex/share/texmf-dist/fonts/opentype/public/libertine/LinLibertine_R.ot
f
LaTeX Font Info:    Font shape `TU/LinLibertine(0)/b/n' will be
(Font)              scaled to size 14.4pt on input line 24.
Requested font "[LinLibertine_RB.otf]/OT:script=latn;language=dflt;+tnum;+lnum;
mapping=tex-text;" at 14.4pt
 -> /opt/tex/share/texmf-dist/fonts/opentype/public/libertine/LinLibertine_RB.o
tf

Underfull \hbox (badness 10000) in paragraph at lines 24--24
[]\TU/LinLibertine(0)/b/n/14.4 Character Gen-
 []

LaTeX Font Info:    Font shape `TU/LinLibertine(0)/m/n' will be
(Font)              scaled to size 12.0pt on input line 40.
Requested font "[LinLibertine_R.otf]/OT:script=latn;language=dflt;+tnum;+lnum;m
apping=tex-text;" at 12.0pt
 -> /opt/tex/share/texmf-dist/fonts/opentype/public/libertine/LinLibertine_R.ot
f
LaTeX Font Info:    Font shape `TU/LinLibertine(0)/b/n' will be
(Font)              scaled to size 12.0pt on input line 40.
Requested font "[LinLibertine_RB.otf]/OT:script=latn;language=dflt;+tnum;+lnum;
mapping=tex-text;" at 12.0pt
 -> /opt/tex/share/texmf-dist/fonts/opentype/public/libertine/LinLibertine_RB.o
tf

Underfull \hbox (badness 10000) in paragraph at lines 40--40
[]\TU/LinLibertine(0)/b/n/12 Characteristic
 []


Underfull \hbox (badness 10000) in paragraph at lines 96--124
[]\TU/LinLibertine(0)/m/n/10 Assigning Characteristic
 []


Underfull \hbox (badness 10000) in paragraph at lines 96--124
\TU/LinLibertine(0)/m/n/10 Points This total of points
 []


Underfull \hbox (badness 10000) in paragraph at lines 96--124
\TU/LinLibertine(0)/m/n/10 Characteristic Modifier tables
 []


Underfull \hbox (badness 8113) in paragraph at lines 96--124
\TU/LinLibertine(0)/m/n/10 minimum Magic Aptitude to
 []


Underfull \hbox (badness 5388) in paragraph at lines 96--124
\TU/LinLibertine(0)/m/n/10 requirements, but many give
 []

[1

]
Underfull \hbox (badness 10000) in paragraph at lines 171--173
[]\TU/LinLibertine(0)/m/n/10 A character’s perception
 []


Underfull \hbox (badness 5403) in paragraph at lines 265--297
\TU/LinLibertine(0)/m/n/10 ities and characteristic modi-
 []

[2]
Underfull \hbox (badness 10000) in paragraph at lines 300--310
[]\TU/LinLibertine(0)/m/n/10 Physical Strength Agility
 []


Underfull \hbox (badness 10000) in paragraph at lines 300--310
\TU/LinLibertine(0)/m/n/10 Endurance Magical Aptitude
 []


Underfull \hbox (badness 6859) in paragraph at lines 327--344
[]\TU/LinLibertine(0)/m/n/10 1 CHARACTER GENERA-
 []


Underfull \hbox (badness 7151) in paragraph at lines 327--344
\TU/LinLibertine(0)/m/n/10 elvish youth are enthusiastic
 []


Underfull \hbox (badness 6204) in paragraph at lines 365--368
\TU/LinLibertine(0)/m/n/10 should increase the difficulty
 []


Underfull \hbox (badness 10000) in paragraph at lines 384--394
[]\TU/LinLibertine(0)/m/n/10 Physical Strength Agility
 []


Underfull \hbox (badness 10000) in paragraph at lines 384--394
\TU/LinLibertine(0)/m/n/10 Endurance Magical Aptitude
 []


Underfull \hbox (badness 10000) in paragraph at lines 425--437
[]\TU/LinLibertine(0)/m/n/10 Physical Strength Manual
 []


Underfull \hbox (badness 10000) in paragraph at lines 425--437
\TU/LinLibertine(0)/m/n/10 Dexterity Agility Endurance
 []

[3]
Underfull \hbox (badness 5331) in paragraph at lines 474--479
[]\TU/LinLibertine(0)/m/n/10 Special Abilities 1. Hu-
 []


Underfull \hbox (badness 10000) in paragraph at lines 503--512
[]\TU/LinLibertine(0)/m/n/10 Physical Strength Manual
 []


Underfull \hbox (badness 10000) in paragraph at lines 503--512
\TU/LinLibertine(0)/m/n/10 Dexterity Agility Endurance
 []


Underfull \hbox (badness 10000) in paragraph at lines 503--512
\TU/LinLibertine(0)/m/n/10 Magical Aptitude Willpower
 []


Underfull \hbox (badness 7221) in paragraph at lines 523--535
[]\TU/LinLibertine(0)/m/n/10 Orc An Orc is a stoop-
 []


Underfull \hbox (badness 7116) in paragraph at lines 575--621
[]\TU/LinLibertine(0)/m/n/10 Shapechanger Shapechang-
 []


Underfull \hbox (badness 7362) in paragraph at lines 575--621
\TU/LinLibertine(0)/m/n/10 humans, with the ability to
 []


Underfull \hbox (badness 6927) in paragraph at lines 575--621
\TU/LinLibertine(0)/m/n/10 ticular animal. Description:
 []


Underfull \hbox (badness 10000) in paragraph at lines 575--621
\TU/LinLibertine(0)/m/n/10 an anthropomorphised wolf,
 []


Underfull \hbox (badness 10000) in paragraph at lines 575--621
\TU/LinLibertine(0)/m/n/10 ers: shapechangers possess
 []


Underfull \hbox (badness 5908) in paragraph at lines 575--621
\TU/LinLibertine(0)/m/n/10 ways to tell a shapechanger
 []


Underfull \hbox (badness 10000) in paragraph at lines 575--621
\TU/LinLibertine(0)/m/n/10 will regenerate 1 Endurance
 []

[4]
Underfull \hbox (badness 6859) in paragraph at lines 622--629
[]\TU/LinLibertine(0)/m/n/10 1 CHARACTER GENERA-
 []


Underfull \hbox (badness 10000) in paragraph at lines 637--640
[]\TU/LinLibertine(0)/m/n/10 Physical Strength Manual
 []


Underfull \hbox (badness 7814) in paragraph at lines 641--647
\TU/LinLibertine(0)/m/n/10 If a shapechanger takes the
 []


Underfull \hbox (badness 10000) in paragraph at lines 641--647
\TU/LinLibertine(0)/m/n/10 necessary to advance ranks.
 []


Underfull \hbox (badness 10000) in paragraph at lines 658--673
\TU/LinLibertine(0)/m/n/10 which 90the average values
 []


Underfull \hbox (badness 10000) in paragraph at lines 692--698
[]\TU/LinLibertine(0)/m/n/10 100–170 110–185 120–200
 []

[5]
Underfull \hbox (badness 5119) in paragraph at lines 799--819
[]\TU/LinLibertine(0)/m/n/10 01–05 06–10 11–15 16–20
 []


Underfull \hbox (badness 10000) in paragraph at lines 838--844
[]\TU/LinLibertine(0)/m/n/10 295–490 335–555 375–625
 []

[6]
Underfull \hbox (badness 6859) in paragraph at lines 1020--1027
[]\TU/LinLibertine(0)/m/n/10 1 CHARACTER GENERA-
 []


Underfull \hbox (badness 5119) in paragraph at lines 1030--1040
[]\TU/LinLibertine(0)/m/n/10 01–14 15–20 21–29 30–44
 []


Underfull \hbox (badness 10000) in paragraph at lines 1041--1051
[]\TU/LinLibertine(0)/m/n/10 Trash / Criminal Bonded
 []


Underfull \hbox (badness 10000) in paragraph at lines 1052--1055
[]\TU/LinLibertine(0)/m/n/10 Explanation of Classes
 []


Underfull \hbox (badness 10000) in paragraph at lines 1052--1055
\TU/LinLibertine(0)/m/n/10 Trash/Criminal No legitimate
 []


Underfull \hbox (badness 10000) in paragraph at lines 1079--1090
[]\TU/LinLibertine(0)/m/n/10 Goodman [Goodwife,
 []


Underfull \hbox (badness 5711) in paragraph at lines 1079--1090
\TU/LinLibertine(0)/m/n/10 retainers. Includes itinerant
 []


Underfull \hbox (badness 10000) in paragraph at lines 1079--1090
\TU/LinLibertine(0)/m/n/10 professionals and artisans of
 []


Underfull \hbox (badness 10000) in paragraph at lines 1079--1090
\TU/LinLibertine(0)/m/n/10 farmer, forester, gamekeeper,
 []


Underfull \hbox (badness 10000) in paragraph at lines 1091--1105
\TU/LinLibertine(0)/m/n/10 healer etc) trading publicly,
 []


Underfull \hbox (badness 10000) in paragraph at lines 1106--1112
[]\TU/LinLibertine(0)/m/n/10 Military A socially sanc-
 []


Underfull \hbox (badness 10000) in paragraph at lines 1106--1112
\TU/LinLibertine(0)/m/n/10 tioned, trained fighter or
 []


Underfull \hbox (badness 5417) in paragraph at lines 1106--1112
\TU/LinLibertine(0)/m/n/10 sergeants and lowborn lesser
 []


Underfull \hbox (badness 10000) in paragraph at lines 1123--1129
[]\TU/LinLibertine(0)/m/n/10 Example Knight, country
 []


Underfull \hbox (badness 5175) in paragraph at lines 1123--1129
\TU/LinLibertine(0)/m/n/10 respected & influential magi-
 []


Underfull \hbox (badness 10000) in paragraph at lines 1130--1139
\TU/LinLibertine(0)/m/n/10 owes feudal service to, or
 []

[7]
Underfull \hbox (badness 5147) in paragraph at lines 1140--1153
[]\TU/LinLibertine(0)/m/n/10 Merchant-Prince Extremely
 []


Underfull \hbox (badness 10000) in paragraph at lines 1140--1153
\TU/LinLibertine(0)/m/n/10 wealthy city-based mer-
 []


Underfull \hbox (badness 10000) in paragraph at lines 1140--1153
\TU/LinLibertine(0)/m/n/10 chant, head of an extended
 []


Underfull \hbox (badness 5119) in paragraph at lines 1140--1153
\TU/LinLibertine(0)/m/n/10 tacts and enemies in several
 []


Underfull \hbox (badness 10000) in paragraph at lines 1173--1178
[]\TU/LinLibertine(0)/m/n/10 their fellow adventurers
 []


Underfull \hbox (badness 10000) in paragraph at lines 1173--1178
\TU/LinLibertine(0)/m/n/10 to unnecessary risks arising
 []


Underfull \hbox (badness 6141) in paragraph at lines 1230--1231
[]\TU/LinLibertine(0)/m/n/10 The possible combinations
 []


Underfull \hbox (badness 10000) in paragraph at lines 1250--1253
[]\TU/LinLibertine(0)/m/n/10 Horsemanship, Climbing
 []


Underfull \hbox (badness 10000) in paragraph at lines 1254--1274
[]\TU/LinLibertine(0)/m/n/10 Disinheritance Beginning
 []


Underfull \hbox (badness 5417) in paragraph at lines 1254--1274
\TU/LinLibertine(0)/m/n/10 estate, magic possessions, or
 []

[8]
Underfull \hbox (badness 6859) in paragraph at lines 1325--1351
[]\TU/LinLibertine(0)/m/n/10 1 CHARACTER GENERA-
 []


Underfull \hbox (badness 5771) in paragraph at lines 1352--1374
\TU/LinLibertine(0)/m/n/10 points to spend later. The
 []


Underfull \hbox (badness 10000) in paragraph at lines 1399--1400
[]\TU/LinLibertine(0)/m/n/10 2 EXPLANATION OF
 []

[9]
Underfull \hbox (badness 8132) in paragraph at lines 1462--1479
\TU/LinLibertine(0)/m/n/10 Manual Dexterity is a mea-
 []


Underfull \hbox (badness 5288) in paragraph at lines 1462--1479
\TU/LinLibertine(0)/m/n/10 sure of a character’s control
 []


Underfull \hbox (badness 6063) in paragraph at lines 1462--1479
\TU/LinLibertine(0)/m/n/10 resents the character’s hand-
 []


Underfull \hbox (badness 10000) in paragraph at lines 1491--1504
[]\TU/LinLibertine(0)/m/n/10 2.6 Endurance (EN) En-
 []

[10]
Underfull \hbox (badness 7963) in paragraph at lines 1568--1570
[]\TU/LinLibertine(0)/m/n/10 Specific Influences • Sus-
 []


Underfull \hbox (badness 10000) in paragraph at lines 1587--1588
[]\TU/LinLibertine(0)/m/n/10 • Recovering from being
 []


Underfull \hbox (badness 10000) in paragraph at lines 1595--1609
[]\TU/LinLibertine(0)/m/n/10 2.8 Physical Beauty (PB)
 []


Underfull \hbox (badness 10000) in paragraph at lines 1622--1625
[]\TU/LinLibertine(0)/m/n/10 2 EXPLANATION OF
 []

[11] [12]
Underfull \hbox (badness 10000) in paragraph at lines 1763--1768
[]\TU/LinLibertine(0)/m/n/10 3.7 Languages Languages
 []


Underfull \hbox (badness 5970) in paragraph at lines 1819--1825
\TU/LinLibertine(0)/m/n/10 abilities (subskills) which are
 []


Underfull \hbox (badness 10000) in paragraph at lines 1819--1825
\TU/LinLibertine(0)/m/n/10 learnt when increasing your
 []


Underfull \hbox (badness 10000) in paragraph at lines 1828--1840
\TU/LinLibertine(0)/m/n/10 Rank them beyond Rank 0.
 []


Underfull \hbox (badness 5345) in paragraph at lines 1828--1840
\TU/LinLibertine(0)/m/n/10 Once acquired, an Individual
 []

[13]
Underfull \hbox (badness 10000) in paragraph at lines 1869--1885
[]\TU/LinLibertine(0)/m/n/10 4.3 Dehydration Dehydra-
 []

[14] [15]
Underfull \hbox (badness 10000) in paragraph at lines 2138--2142
\TU/LinLibertine(0)/m/n/10 Injuries Healers and certain
 []


Underfull \hbox (badness 10000) in paragraph at lines 2156--2158
[]\TU/LinLibertine(0)/m/n/10 The natural conception
 []


Underfull \hbox (badness 10000) in paragraph at lines 2170--2185
[]\TU/LinLibertine(0)/m/n/10 Dwarf 3Elf 1Halﬂing
 []


Underfull \hbox (badness 10000) in paragraph at lines 2170--2185
\TU/LinLibertine(0)/m/n/10 4Hill Giant 2Human 6Orc
 []


Underfull \hbox (badness 10000) in paragraph at lines 2170--2185
\TU/LinLibertine(0)/m/n/10 10Shapechanger 5Checks
 []


Underfull \hbox (badness 10000) in paragraph at lines 2170--2185
\TU/LinLibertine(0)/m/n/10 against the relevant chance
 []


Underfull \hbox (badness 6658) in paragraph at lines 2220--2225
[]\TU/LinLibertine(0)/m/n/10 5.2 Encumbrance Modifies
 []

[16]
Underfull \hbox (badness 10000) in paragraph at lines 2340--2343
[]\TU/LinLibertine(0)/m/n/10 Tactical Movement Rate
 []

[17] [18] [19]
! Misplaced alignment tab character &.
l.2582 An engaged figure may attempt to Close &
                                                Grapple. If the Attacker is ...

? x
 
Here is how much of TeX's memory you used:
 13490 strings out of 479418
 325181 string characters out of 5888544
 542942 words of memory out of 5000000
 30961 multiletter control sequences out of 15000+600000
 532984 words of font info for 62 fonts, out of 8000000 for 9000
 1348 hyphenation exceptions out of 8191
 69i,5n,111p,570b,265s stack positions out of 5000i,500n,10000p,200000b,80000s
Output written on rules2014.pdf (19 pages).
