This is pdfTeX, Version 3.14159265-2.6-1.40.15 (TeX Live 2014) (preloaded format=latex 2014.10.26)  7 NOV 2014 19:23
entering extended mode
 %&-line parsing enabled.
**fixltx2e.dtx
(./fixltx2e.dtx
LaTeX2e <2014/05/01>
Babel <3.9k> and hyphenation patterns for 56 languages loaded.
File: fixltx2e.dtx 2014/05/13 v1.1q fixes to LaTeX
(/opt/tex/share/texmf-dist/tex/latex/base/ltxdoc.cls
Document Class: ltxdoc 2007/11/11 v2.0u Standard LaTeX documentation class
(/opt/tex/share/texmf-dist/tex/latex/base/article.cls
Document Class: article 2007/10/19 v1.4h Standard LaTeX document class
(/opt/tex/share/texmf-dist/tex/latex/base/size10.clo
File: size10.clo 2007/10/19 v1.4h Standard LaTeX file (size option)
)
\c@part=\count79
\c@section=\count80
\c@subsection=\count81
\c@subsubsection=\count82
\c@paragraph=\count83
\c@subparagraph=\count84
\c@figure=\count85
\c@table=\count86
\abovecaptionskip=\skip41
\belowcaptionskip=\skip42
\bibindent=\dimen102
)
(/opt/tex/share/texmf-dist/tex/latex/base/doc.sty
Package: doc 2010/02/04 v2.1e Standard LaTeX documentation package (FMi)
\c@StandardModuleDepth=\count87
\guard@level=\count88
\MacrocodeTopsep=\skip43
\MacroIndent=\dimen103
\macro@cnt=\count89
\MacroTopsep=\skip44
\index@excludelist=\toks14

(/opt/tex/share/texmf-dist/tex/latex/tools/multicol.sty
Package: multicol 2014/04/23 v1.8e multicolumn formatting (FMi)
\c@tracingmulticols=\count90
\mult@box=\box26
\multicol@leftmargin=\dimen104
\c@unbalance=\count91
\c@collectmore=\count92
\doublecol@number=\count93
\multicoltolerance=\count94
\multicolpretolerance=\count95
\full@width=\dimen105
\page@free=\dimen106
\premulticols=\dimen107
\postmulticols=\dimen108
\multicolsep=\skip45
\multicolbaselineskip=\skip46
\partial@page=\box27
\last@line=\box28
\maxbalancingoverflow=\dimen109
\mult@rightbox=\box29
\mult@grightbox=\box30
\mult@gfirstbox=\box31
\mult@firstbox=\box32
\@tempa=\box33
\@tempa=\box34
\@tempa=\box35
\@tempa=\box36
\@tempa=\box37
\@tempa=\box38
\@tempa=\box39
\@tempa=\box40
\@tempa=\box41
\@tempa=\box42
\@tempa=\box43
\@tempa=\box44
\@tempa=\box45
\@tempa=\box46
\@tempa=\box47
\@tempa=\box48
\@tempa=\box49
\c@columnbadness=\count96
\c@finalcolumnbadness=\count97
\last@try=\dimen110
\multicolovershoot=\dimen111
\multicolundershoot=\dimen112
\mult@nat@firstbox=\box50
\colbreak@box=\box51
\mc@col@check@num=\count98
)
\IndexMin=\dimen113
\c@IndexColumns=\count99
\GlossaryMin=\dimen114
\c@GlossaryColumns=\count100
\check@sum=\count101
\bslash@cnt=\count102
\wrong@table=\toks15
\c@CodelineNo=\count103
))
No file fixltx2e.aux.
\openout1 = `fixltx2e.aux'.

LaTeX Font Info:    Checking defaults for OML/cmm/m/it on input line 51.
LaTeX Font Info:    ... okay on input line 51.
LaTeX Font Info:    Checking defaults for T1/cmr/m/n on input line 51.
LaTeX Font Info:    ... okay on input line 51.
LaTeX Font Info:    Checking defaults for OT1/cmr/m/n on input line 51.
LaTeX Font Info:    ... okay on input line 51.
LaTeX Font Info:    Checking defaults for OMS/cmsy/m/n on input line 51.
LaTeX Font Info:    ... okay on input line 51.
LaTeX Font Info:    Checking defaults for OMX/cmex/m/n on input line 51.
LaTeX Font Info:    ... okay on input line 51.
LaTeX Font Info:    Checking defaults for U/cmr/m/n on input line 51.
LaTeX Font Info:    ... okay on input line 51.
Package doc Info: Made | a short reference for \verb on input line 51.
(./fixltx2e.dtx
File: fixltx2e.dtx 2014/05/13 v1.1q fixes to LaTeX

***************************
* Character table correct *
***************************
LaTeX Font Info:    External font `cmex10' loaded for size
(Font)              <17.28> on input line 88.
LaTeX Font Info:    External font `cmex10' loaded for size
(Font)              <12> on input line 88.
LaTeX Font Info:    External font `cmex10' loaded for size
(Font)              <8> on input line 88.
LaTeX Font Info:    External font `cmex10' loaded for size
(Font)              <6> on input line 88.
LaTeX Font Info:    External font `cmex10' loaded for size
(Font)              <5> on input line 88.
LaTeX Font Info:    External font `cmex10' loaded for size
(Font)              <9> on input line 91.
No file fixltx2e.toc.
\tf@toc=\write3
\openout3 = `fixltx2e.toc'.

[1

]
LaTeX Font Info:    External font `cmex10' loaded for size
(Font)              <7> on input line 111.
LaTeX Font Info:    Try loading font information for OMS+cmr on input line 121.

 (/opt/tex/share/texmf-dist/tex/latex/base/omscmr.fd
File: omscmr.fd 1999/05/25 v2.5h Standard LaTeX font definitions
)
LaTeX Font Info:    Font shape `OMS/cmr/m/n' in size <10> not available
(Font)              Font shape `OMS/cmsy/m/n' tried instead on input line 121.
 [2]
Overfull \hbox (1.97917pt too wide) in paragraph at lines 223--223
[]\OT1/cmr/bx/n/12 2-col: 1-col fig can come be-fore ear-lier 2-col fig (pr/234
6) 
 []

[3] [4] [5]
LaTeX Font Info:    Font shape `OT1/cmtt/bx/n' in size <12> not available
(Font)              Font shape `OT1/cmtt/m/n' tried instead on input line 360.
LaTeX Font Info:    Font shape `OMS/cmtt/bx/n' in size <12> not available
(Font)              Font shape `OMS/cmsy/b/n' tried instead on input line 360.
 [6] [7] [8] [9] [10] [11]
Overfull \hbox (1.97917pt too wide) in paragraph at lines 763--763
[]\OT1/cmr/bx/n/12 2-col: 1-col fig can come be-fore ear-lier 2-col fig (pr/234
6) 
 []

[12] [13] [14] [15] [16] [17] [18] [19] [20] [21]
Overfull \hbox (35.40144pt too wide) in paragraph at lines 1395--1395
[]\OT1/cmr/bx/n/12 No hy-phen-ation in first word af-ter float en-vi-ron-ment(p
r/3498) 
 []

[22]
Overfull \hbox (5.44252pt too wide) in paragraph at lines 1464--1467
\OT1/cmr/m/n/10 user to have set-tings such as []\OT1/cmtt/m/n/10 \DeclareMathS
izes{9.5dd}{9.5dd}{7.4dd}{6.6dd}\OT1/cmr/m/n/10 . 
 []

[23] [24] [25] [26] [27] [28] [29] [30] [31] [32] [33] [34] [35] [36]
*******************
* Checksum passed *
*******************
) [37] (./fixltx2e.aux) ) 
Here is how much of TeX's memory you used:
 648 strings out of 493808
 7958 string characters out of 1152217
 70969 words of memory out of 3000000
 4007 multiletter control sequences out of 15000+50000
 14149 words of font info for 50 fonts, out of 3000000 for 5000
 714 hyphenation exceptions out of 8191
 30i,9n,24p,244b,339s stack positions out of 5000i,500n,10000p,200000b,50000s

Output written on fixltx2e.dvi (37 pages, 88916 bytes).
