This is XeTeX, Version 3.14159265-2.6-0.999992 (TeX Live 2020) (preloaded format=xelatex 2020.4.12)  12 APR 2020 12:18
entering extended mode
 restricted \write18 enabled.
 %&-line parsing enabled.
**rules.tex
(./rules.tex
LaTeX2e <2020-02-02> patch level 5
L3 programming layer <2020-03-06>
(/opt/tex/share/texmf-dist/tex/latex/base/report.cls
Document Class: report 2019/12/20 v1.4l Standard LaTeX document class
(/opt/tex/share/texmf-dist/tex/latex/base/size10.clo
File: size10.clo 2019/12/20 v1.4l Standard LaTeX file (size option)
)
\c@part=\count163
\c@chapter=\count164
\c@section=\count165
\c@subsection=\count166
\c@subsubsection=\count167
\c@paragraph=\count168
\c@subparagraph=\count169
\c@figure=\count170
\c@table=\count171
\abovecaptionskip=\skip47
\belowcaptionskip=\skip48
\bibindent=\dimen134
)
(/home/ralexand/dq/documents/styles/dq.sty
Package: dq 2014/11/07 v0.4 DQ style file

(/opt/tex/share/texmf-dist/tex/generic/iftex/ifpdf.sty
Package: ifpdf 2019/10/25 v3.4 ifpdf legacy package. Use iftex instead.

(/opt/tex/share/texmf-dist/tex/generic/iftex/iftex.sty
Package: iftex 2020/03/06 v1.0d TeX engine tests
))
(/opt/tex/share/texmf-dist/tex/latex/base/ifthen.sty
Package: ifthen 2014/09/29 v1.1c Standard LaTeX ifthen package (DPC)
)
(/home/ralexand/dq/documents/styles/multicol.sty
Package: multicol 2014/10/28 v1.8i multicolumn formatting (FMi)
\c@tracingmulticols=\count172
\mult@box=\box45
\multicol@leftmargin=\dimen135
\c@unbalance=\count173
\c@collectmore=\count174
\doublecol@number=\count175
\multicoltolerance=\count176
\multicolpretolerance=\count177
\full@width=\dimen136
\page@free=\dimen137
\premulticols=\dimen138
\postmulticols=\dimen139
\multicolsep=\skip49
\multicolbaselineskip=\skip50
\partial@page=\box46
\last@line=\box47
\maxbalancingoverflow=\dimen140
\mult@rightbox=\box48
\mult@grightbox=\box49
\mult@gfirstbox=\box50
\mult@firstbox=\box51
\@tempa=\box52
\@tempa=\box53
\@tempa=\box54
\@tempa=\box55
\@tempa=\box56
\@tempa=\box57
\@tempa=\box58
\@tempa=\box59
\@tempa=\box60
\@tempa=\box61
\@tempa=\box62
\@tempa=\box63
\@tempa=\box64
\@tempa=\box65
\@tempa=\box66
\@tempa=\box67
\@tempa=\box68
\c@columnbadness=\count178
\c@finalcolumnbadness=\count179
\last@try=\dimen141
\multicolovershoot=\dimen142
\multicolundershoot=\dimen143
\mult@nat@firstbox=\box69
\colbreak@box=\box70
\mc@col@check@num=\count180
)
(/home/ralexand/dq/documents/styles/tabularx.sty
Package: tabularx 2014/10/28 v2.10 `tabularx' package (DPC)

(/home/ralexand/dq/documents/styles/array.sty
Package: array 2014/10/28 v2.4c Tabular extension package (FMi)
\col@sep=\dimen144
\extrarowheight=\dimen145
\NC@list=\toks15
\extratabsurround=\skip51
\backup@length=\skip52
)
\TX@col@width=\dimen146
\TX@old@table=\dimen147
\TX@old@col=\dimen148
\TX@target=\dimen149
\TX@delta=\dimen150
\TX@cols=\count181
\TX@ftn=\toks16
)
(/opt/tex/share/texmf-dist/tex/latex/fancyhdr/fancyhdr.sty
Package: fancyhdr 2019/01/31 v3.10 Extensive control of page headers and footer
s
\f@nch@headwidth=\skip53
\f@nch@O@elh=\skip54
\f@nch@O@erh=\skip55
\f@nch@O@olh=\skip56
\f@nch@O@orh=\skip57
\f@nch@O@elf=\skip58
\f@nch@O@erf=\skip59
\f@nch@O@olf=\skip60
\f@nch@O@orf=\skip61
)
(/opt/tex/share/texmf-dist/tex/latex/base/textcomp.sty
Package: textcomp 2020/02/02 v2.0n Standard LaTeX package
)
(/opt/tex/share/texmf-dist/tex/latex/float/float.sty
Package: float 2001/11/08 v1.3d Float enhancements (AL)
\c@float@type=\count182
\float@exts=\toks17
\float@box=\box71
\@float@everytoks=\toks18
\@floatcapt=\box72
)
(/opt/tex/share/texmf-dist/tex/latex/geometry/geometry.sty
Package: geometry 2020/01/02 v5.9 Page Geometry

(/opt/tex/share/texmf-dist/tex/latex/graphics/keyval.sty
Package: keyval 2014/10/28 v1.15 key=value parser (DPC)
\KV@toks@=\toks19
)
(/opt/tex/share/texmf-dist/tex/generic/iftex/ifvtex.sty
Package: ifvtex 2019/10/25 v1.7 ifvtex legacy package. Use iftex instead.
)
\Gm@cnth=\count183
\Gm@cntv=\count184
\c@Gm@tempcnt=\count185
\Gm@bindingoffset=\dimen151
\Gm@wd@mp=\dimen152
\Gm@odd@mp=\dimen153
\Gm@even@mp=\dimen154
\Gm@layoutwidth=\dimen155
\Gm@layoutheight=\dimen156
\Gm@layouthoffset=\dimen157
\Gm@layoutvoffset=\dimen158
\Gm@dimlist=\toks20
)
(/opt/tex/share/texmf-dist/tex/generic/iftex/ifxetex.sty
Package: ifxetex 2019/10/25 v0.7 ifxetex legacy package. Use iftex instead.
)
(/opt/tex/share/texmf-dist/tex/latex/fontspec/fontspec.sty
(/opt/tex/share/texmf-dist/tex/latex/l3packages/xparse/xparse.sty
(/opt/tex/share/texmf-dist/tex/latex/l3kernel/expl3.sty
Package: expl3 2020-03-06 L3 programming layer (loader) 

(/opt/tex/share/texmf-dist/tex/latex/l3backend/l3backend-xdvipdfmx.def
File: l3backend-xdvipdfmx.def 2020-03-12 L3 backend support: xdvipdfmx
\g__graphics_track_int=\count186
\l__pdf_internal_box=\box73
\g__pdf_backend_object_int=\count187
\g__pdf_backend_annotation_int=\count188
))
Package: xparse 2020-03-06 L3 Experimental document command parser
\l__xparse_current_arg_int=\count189
\g__xparse_grabber_int=\count190
\l__xparse_m_args_int=\count191
\l__xparse_v_nesting_int=\count192
)
Package: fontspec 2020/02/21 v2.7i Font selection for XeLaTeX and LuaLaTeX

(/opt/tex/share/texmf-dist/tex/latex/fontspec/fontspec-xetex.sty
Package: fontspec-xetex 2020/02/21 v2.7i Font selection for XeLaTeX and LuaLaTe
X
\l__fontspec_script_int=\count193
\l__fontspec_language_int=\count194
\l__fontspec_strnum_int=\count195
\l__fontspec_tmp_int=\count196
\l__fontspec_tmpa_int=\count197
\l__fontspec_tmpb_int=\count198
\l__fontspec_tmpc_int=\count199
\l__fontspec_em_int=\count266
\l__fontspec_emdef_int=\count267
\l__fontspec_strong_int=\count268
\l__fontspec_strongdef_int=\count269
\l__fontspec_tmpa_dim=\dimen159
\l__fontspec_tmpb_dim=\dimen160
\l__fontspec_tmpc_dim=\dimen161

(/opt/tex/share/texmf-dist/tex/latex/base/fontenc.sty
Package: fontenc 2020/02/11 v2.0o Standard LaTeX package
)
(/opt/tex/share/texmf-dist/tex/latex/fontspec/fontspec.cfg)))
DQ Rules style sheet, version 0.5 <12 April 2020>

Package fontspec Info: Font family 'libertine' created for font 'Linux
(fontspec)             Libertine O' with options [NFSSFamily=libertine].
(fontspec)              
(fontspec)              This font family consists of the following NFSS
(fontspec)             series/shapes:
(fontspec)              
(fontspec)             - 'normal' (m/n) with NFSS spec.: <->"Linux Libertine
(fontspec)             O/OT:language=dflt;"
(fontspec)             - 'small caps'  (m/sc) with NFSS spec.: 
(fontspec)             - 'bold' (b/n) with NFSS spec.: <->"Linux Libertine
(fontspec)             O/B/OT:language=dflt;"
(fontspec)             - 'bold small caps'  (b/sc) with NFSS spec.: 
(fontspec)             - 'italic' (m/it) with NFSS spec.: <->"Linux Libertine
(fontspec)             O/I/OT:language=dflt;"
(fontspec)             - 'italic small caps'  (m/scit) with NFSS spec.: 
(fontspec)             - 'bold italic' (b/it) with NFSS spec.: <->"Linux
(fontspec)             Libertine O/BI/OT:language=dflt;"
(fontspec)             - 'bold italic small caps'  (b/scit) with NFSS spec.: 


Package fontspec Info: Font family 'biolinum' created for font 'Linux Biolinum
(fontspec)             O' with options [NFSSFamily=biolinum].
(fontspec)              
(fontspec)              This font family consists of the following NFSS
(fontspec)             series/shapes:
(fontspec)              
(fontspec)             - 'normal' (m/n) with NFSS spec.: <->"Linux Biolinum
(fontspec)             O/OT:script=latn;language=dflt;"
(fontspec)             - 'small caps'  (m/sc) with NFSS spec.: <->"Linux
(fontspec)             Biolinum O/OT:script=latn;language=dflt;+smcp;"
(fontspec)             - 'bold' (b/n) with NFSS spec.: <->"Linux Biolinum
(fontspec)             O/B/OT:script=latn;language=dflt;"
(fontspec)             - 'bold small caps'  (b/sc) with NFSS spec.: <->"Linux
(fontspec)             Biolinum O/B/OT:script=latn;language=dflt;+smcp;"
(fontspec)             - 'italic' (m/it) with NFSS spec.: <->"Linux Biolinum
(fontspec)             O/I/OT:script=latn;language=dflt;"
(fontspec)             - 'italic small caps'  (m/scit) with NFSS spec.:
(fontspec)             <->"Linux Biolinum
(fontspec)             O/I/OT:script=latn;language=dflt;+smcp;"
(fontspec)             - 'bold italic' (b/it) with NFSS spec.: <->"Linux
(fontspec)             Biolinum O/BI/OT:script=latn;language=dflt;"
(fontspec)             - 'bold italic small caps'  (b/scit) with NFSS spec.:
(fontspec)             <->"Linux Biolinum
(fontspec)             O/BI/OT:script=latn;language=dflt;+smcp;"

Using DVI driver
(/opt/tex/share/texmf-dist/tex/latex/graphics/graphicx.sty
Package: graphicx 2019/11/30 v1.2a Enhanced LaTeX Graphics (DPC,SPQR)

(/opt/tex/share/texmf-dist/tex/latex/graphics/graphics.sty
Package: graphics 2019/11/30 v1.4a Standard LaTeX Graphics (DPC,SPQR)

(/opt/tex/share/texmf-dist/tex/latex/graphics/trig.sty
Package: trig 2016/01/03 v1.10 sin cos tan (DPC)
)
(/opt/tex/share/texmf-dist/tex/latex/graphics-cfg/graphics.cfg
File: graphics.cfg 2016/06/04 v1.11 sample graphics configuration
)
Package graphics Info: Driver file: dvips.def on input line 105.

(/opt/tex/share/texmf-dist/tex/latex/graphics-def/dvips.def
File: dvips.def 2017/06/20 v3.1d Graphics/color driver for dvips
))
\Gin@req@height=\dimen162
\Gin@req@width=\dimen163
))
(/opt/tex/share/texmf-dist/tex/latex/base/makeidx.sty
Package: makeidx 2014/09/29 v1.0m Standard LaTeX package
)
(/opt/tex/share/texmf-dist/tex/latex/amsmath/amstext.sty
Package: amstext 2000/06/29 v2.01 AMS text

(/opt/tex/share/texmf-dist/tex/latex/amsmath/amsgen.sty
File: amsgen.sty 1999/11/30 v2.0 generic functions
\@emptytoks=\toks21
\ex@=\dimen164
))
\@indexfile=\write3
\openout3 = `rules.idx'.


Writing index file rules.idx
(./rules.aux (./copyright.aux) (./misc/character.aux) (./misc/combat.aux)
(./misc/adventure.aux) (./magic/magic.aux) (./magic/minor-magic.aux)
(./magic/detect-aura.aux) (./magic/college.aux) (./magic/non-college.aux)
(./magic/bardic.aux) (./magic/binder.aux) (./magic/enchant.aux)
(./magic/illusion.aux) (./magic/mind.aux) (./magic/namer.aux) (./magic/air.aux)
(./magic/celestial.aux) (./magic/earth.aux) (./magic/fire.aux) (./magic/ice.aux
) (./magic/water.aux) (./magic/summoning.aux) (./magic/necro.aux)
(./magic/rune.aux) (./magic/witchcraft.aux) (./skills/skills.aux)
(./skills/adventuring.aux) (./skills/alchemist.aux) (./skills/armourer.aux)
(./skills/artisan.aux) (./skills/assassin.aux) (./skills/astrologer.aux)
(./skills/beastmaster.aux) (./skills/courtesan.aux) (./skills/healer.aux)
(./skills/herbalist.aux) (./skills/languages.aux) (./skills/mechanician.aux)
(./skills/merchant.aux) (./skills/military.aux) (./skills/navigator.aux)
(./skills/philosopher.aux) (./skills/ranger.aux) (./skills/spy.aux)
(./skills/thief.aux) (./skills/troubadour.aux) (./skills/warrior.aux)
(./skills/weaponsmith.aux) (./tables/spec-grev.aux) (./tables/fumble.aux)
(./tables/backfire.aux) (./tables/fright.aux) (./tables/ep.aux)
(./tables/weapons.aux) (./tables/combat.aux))
\openout1 = `rules.aux'.

LaTeX Font Info:    Checking defaults for OML/cmm/m/it on input line 24.
LaTeX Font Info:    ... okay on input line 24.
LaTeX Font Info:    Checking defaults for OMS/cmsy/m/n on input line 24.
LaTeX Font Info:    ... okay on input line 24.
LaTeX Font Info:    Checking defaults for OT1/cmr/m/n on input line 24.
LaTeX Font Info:    ... okay on input line 24.
LaTeX Font Info:    Checking defaults for T1/cmr/m/n on input line 24.
LaTeX Font Info:    ... okay on input line 24.
LaTeX Font Info:    Checking defaults for TS1/cmr/m/n on input line 24.
LaTeX Font Info:    Trying to load font information for TS1+cmr on input line 2
4.

(/opt/tex/share/texmf-dist/tex/latex/base/ts1cmr.fd
File: ts1cmr.fd 2019/12/16 v2.5j Standard LaTeX font definitions
)
LaTeX Font Info:    ... okay on input line 24.
LaTeX Font Info:    Checking defaults for TU/lmr/m/n on input line 24.
LaTeX Font Info:    ... okay on input line 24.
LaTeX Font Info:    Checking defaults for OMX/cmex/m/n on input line 24.
LaTeX Font Info:    ... okay on input line 24.
LaTeX Font Info:    Checking defaults for U/cmr/m/n on input line 24.
LaTeX Font Info:    ... okay on input line 24.

*geometry* driver: auto-detecting
*geometry* detected driver: xetex
*geometry* verbose mode - [ preamble ] result:
* driver: xetex
* paper: a4paper
* layout: <same size as paper>
* layoutoffset:(h,v)=(0.0pt,0.0pt)
* modes: twoside 
* h-part:(L,W,R)=(71.70166pt, 418.25368pt, 107.55254pt)
* v-part:(T,H,B)=(101.40665pt, 591.5302pt, 152.11pt)
* \paperwidth=597.50787pt
* \paperheight=845.04684pt
* \textwidth=534.9118pt
* \textheight=769.67505pt
* \oddsidemargin=-42.67912pt
* \evensidemargin=-42.67912pt
* \topmargin=-54.2025pt
* \headheight=12.0pt
* \headsep=5.0pt
* \topskip=10.0pt
* \footskip=30.0pt
* \marginparwidth=0.0pt
* \marginparsep=11.0pt
* \columnsep=10.0pt
* \skip\footins=9.0pt plus 4.0pt minus 2.0pt
* \hoffset=0.0pt
* \voffset=0.0pt
* \mag=1000
* \@twocolumnfalse
* \@twosidetrue
* \@mparswitchtrue
* \@reversemarginfalse
* (1in=72.27pt=25.4mm, 1cm=28.453pt)


Package fontspec Info: Adjusting the maths setup (use [no-math] to avoid
(fontspec)             this).

\symlegacymaths=\mathgroup4
LaTeX Font Info:    Overwriting symbol font `legacymaths' in version `bold'
(Font)                  OT1/cmr/m/n --> OT1/cmr/bx/n on input line 24.
LaTeX Font Info:    Redeclaring math accent \acute on input line 24.
LaTeX Font Info:    Redeclaring math accent \grave on input line 24.
LaTeX Font Info:    Redeclaring math accent \ddot on input line 24.
LaTeX Font Info:    Redeclaring math accent \tilde on input line 24.
LaTeX Font Info:    Redeclaring math accent \bar on input line 24.
LaTeX Font Info:    Redeclaring math accent \breve on input line 24.
LaTeX Font Info:    Redeclaring math accent \check on input line 24.
LaTeX Font Info:    Redeclaring math accent \hat on input line 24.
LaTeX Font Info:    Redeclaring math accent \dot on input line 24.
LaTeX Font Info:    Redeclaring math accent \mathring on input line 24.
LaTeX Font Info:    Redeclaring math symbol \colon on input line 24.
LaTeX Font Info:    Redeclaring math symbol \Gamma on input line 24.
LaTeX Font Info:    Redeclaring math symbol \Delta on input line 24.
LaTeX Font Info:    Redeclaring math symbol \Theta on input line 24.
LaTeX Font Info:    Redeclaring math symbol \Lambda on input line 24.
LaTeX Font Info:    Redeclaring math symbol \Xi on input line 24.
LaTeX Font Info:    Redeclaring math symbol \Pi on input line 24.
LaTeX Font Info:    Redeclaring math symbol \Sigma on input line 24.
LaTeX Font Info:    Redeclaring math symbol \Upsilon on input line 24.
LaTeX Font Info:    Redeclaring math symbol \Phi on input line 24.
LaTeX Font Info:    Redeclaring math symbol \Psi on input line 24.
LaTeX Font Info:    Redeclaring math symbol \Omega on input line 24.
LaTeX Font Info:    Redeclaring math symbol \mathdollar on input line 24.
LaTeX Font Info:    Redeclaring symbol font `operators' on input line 24.
LaTeX Font Info:    Encoding `OT1' has changed to `TU' for symbol font
(Font)              `operators' in the math version `normal' on input line 24.
LaTeX Font Info:    Overwriting symbol font `operators' in version `normal'
(Font)                  OT1/cmr/m/n --> TU/libertine/m/n on input line 24.
LaTeX Font Info:    Encoding `OT1' has changed to `TU' for symbol font
(Font)              `operators' in the math version `bold' on input line 24.
LaTeX Font Info:    Overwriting symbol font `operators' in version `bold'
(Font)                  OT1/cmr/bx/n --> TU/libertine/m/n on input line 24.
LaTeX Font Info:    Overwriting symbol font `operators' in version `normal'
(Font)                  TU/libertine/m/n --> TU/libertine/m/n on input line 24.

LaTeX Font Info:    Overwriting math alphabet `\mathit' in version `normal'
(Font)                  OT1/cmr/m/it --> TU/libertine/m/it on input line 24.
LaTeX Font Info:    Overwriting math alphabet `\mathbf' in version `normal'
(Font)                  OT1/cmr/bx/n --> TU/libertine/b/n on input line 24.
LaTeX Font Info:    Overwriting math alphabet `\mathsf' in version `normal'
(Font)                  OT1/cmss/m/n --> TU/biolinum/m/n on input line 24.
LaTeX Font Info:    Overwriting math alphabet `\mathtt' in version `normal'
(Font)                  OT1/cmtt/m/n --> TU/lmtt/m/n on input line 24.
LaTeX Font Info:    Overwriting symbol font `operators' in version `bold'
(Font)                  TU/libertine/m/n --> TU/libertine/b/n on input line 24.

LaTeX Font Info:    Overwriting math alphabet `\mathit' in version `bold'
(Font)                  OT1/cmr/bx/it --> TU/libertine/b/it on input line 24.
LaTeX Font Info:    Overwriting math alphabet `\mathsf' in version `bold'
(Font)                  OT1/cmss/bx/n --> TU/biolinum/b/n on input line 24.
LaTeX Font Info:    Overwriting math alphabet `\mathtt' in version `bold'
(Font)                  OT1/cmtt/m/n --> TU/lmtt/b/n on input line 24.
File: pics/cover.eps Graphic file (type eps)
<pics/cover.eps>
LaTeX Font Info:    External font `cmex10' loaded for size
(Font)              <7> on input line 26.
LaTeX Font Info:    External font `cmex10' loaded for size
(Font)              <5> on input line 26.
 [1

]
\openout2 = `copyright.aux'.

 (./copyright.tex) [2

] (./credits.tex
Underfull \hbox (badness 10000) in paragraph at lines 2--37

 []

) (./history.tex
Underfull \hbox (badness 5064) in paragraph at lines 39--44
[]\TU/libertine/m/n/8 The Mind College revision 1.6
 []


Underfull \hbox (badness 7468) in paragraph at lines 144--149
[]\TU/libertine/m/n/8 Add aquatic adventuring changes
 []


Underfull \hbox (badness 10000) in paragraph at lines 166--168
[]\TU/libertine/m/n/8 Add minor typographical
 []


Overfull \vbox (15.82504pt too high) has occurred while \output is active []


Overfull \vbox (25.32504pt too high) has occurred while \output is active []


Overfull \vbox (18.82504pt too high) has occurred while \output is active []


[3

]
Underfull \hbox (badness 10000) in paragraph at lines 195--199
[]\TU/libertine/m/n/8 Walls of Darkness and Walls of
 []


Underfull \hbox (badness 6625) in paragraph at lines 244--247
[]\TU/libertine/m/n/8 Spelling mistakes corrected in
 []

LaTeX Font Info:    External font `cmex10' loaded for size
(Font)              <8> on input line 252.
LaTeX Font Info:    External font `cmex10' loaded for size
(Font)              <6> on input line 252.

Underfull \hbox (badness 7504) in paragraph at lines 298--300
[]\TU/libertine/m/n/8 Rework coinage table to make
 []


Underfull \hbox (badness 5217) in paragraph at lines 307--309
[]\TU/libertine/m/n/8 Initial release for players and
 []


Underfull \hbox (badness 10000) in paragraph at lines 316--318
[]\TU/libertine/m/n/8 Illusion rewritten by Andrew
 []

) [4] (./rules.toc)
\tf@toc=\write4
\openout4 = `rules.toc'.

 [5


] [6

]
\openout2 = `misc/character.aux'.

 (./misc/character.tex [7


] [8] [9]
Underfull \hbox (badness 10000) in paragraph at lines 720--723
[]\TU/libertine/m/n/8 Humans can ingratiate themselves with
 []


Underfull \hbox (badness 10000) in paragraph at lines 729--729
[]|\TU/libertine/m/n/8 Average Life Span (Varies
 []

[10] [11]
Underfull \hbox (badness 10000) in paragraph at lines 1188--1193
[]\TU/libertine/m/n/8 Voluntarily employed person,
 []


Underfull \hbox (badness 10000) in paragraph at lines 1264--1272
[]\TU/libertine/m/n/8 Extremely wealthy city-based
 []


Underfull \hbox (badness 10000) in paragraph at lines 1341--1341
[]\TU/biolinum/b/n/10 Starting Abilities and Posses-
 []

[12] [13]) [14


]
\openout2 = `misc/combat.aux'.

 (./misc/combat.tex
Chapter 0.

Underfull \hbox (badness 10000) in paragraph at lines 147--150
[]\TU/libertine/m/n/8 The maximum
 []


Underfull \hbox (badness 7308) in paragraph at lines 276--285
[]\TU/libertine/m/n/8 A figure's engaged Initiative
 []

[15


] [16] [17] [18] [19] [20])
\openout2 = `misc/adventure.aux'.

 (./misc/adventure.tex
Underfull \hbox (badness 10000) in paragraph at lines 47--49
[]\TU/libertine/m/n/8 Cross-reference the character's Physical
 []


Underfull \hbox (badness 10000) in paragraph at lines 197--199
[]\TU/libertine/m/n/8 Cross-reference the character's Physical
 []


Underfull \hbox (badness 10000) in paragraph at lines 294--297
[]\TU/libertine/m/n/8 When an entity's Endurance
 []

[21




]
Underfull \hbox (badness 10000) in paragraph at lines 393--396
[]\TU/libertine/m/n/8 will not regrow naturally.
 []


Underfull \hbox (badness 10000) in paragraph at lines 397--400
[]\TU/libertine/m/n/8 Healers and
 []

[22] [23]) [24


]
\openout2 = `magic/magic.aux'.

 (./magic/magic.tex
Chapter 0.

Underfull \hbox (badness 5548) in paragraph at lines 120--124
[]\TU/libertine/m/n/8 All targets with a Willpower
 []

[25


] [26]
Underfull \hbox (badness 10000) in paragraph at lines 757--763
[]\TU/libertine/m/n/8 Often range, duration and
 []

[27]
Underfull \hbox (badness 10000) in paragraph at lines 824--824
[]\TU/biolinum/b/n/10 Storage and Entrapment of
 []

[28])
\openout2 = `magic/minor-magic.aux'.

 (./magic/minor-magic.tex [29


])
\openout2 = `magic/detect-aura.aux'.

 (./magic/detect-aura.tex [30


] [31])
\openout2 = `magic/college.aux'.


(./magic/college.tex
Underfull \hbox (badness 10000) in paragraph at lines 243--247

 []

[32


] [33] [34

])
\openout2 = `magic/non-college.aux'.

 (./magic/non-college.tex [35


] [36

])
\openout2 = `magic/bardic.aux'.

 (./magic/bardic.tex
Underfull \hbox (badness 10000) in paragraph at lines 140--141

 []

[37


] [38] [39] [40])
\openout2 = `magic/binder.aux'.

 (./magic/binder.tex
Underfull \hbox (badness 10000) in paragraph at lines 100--105
[]\TU/libertine/m/n/8 When a golem is
 []

[41



] [42] [43] [44] [45] [46])
\openout2 = `magic/enchant.aux'.

 (./magic/enchant.tex [47



] [48] [49] [50

])
\openout2 = `magic/illusion.aux'.


(./magic/illusion.tex [51


] [52] [53] [54

])
\openout2 = `magic/mind.aux'.

 (./magic/mind.tex
Underfull \hbox (badness 10000) in paragraph at lines 39--41

 []

[55


] [56] [57] [58

])
\openout2 = `magic/namer.aux'.

 (./magic/namer.tex
Underfull \hbox (badness 10000) in paragraph at lines 93--93
[]|\TU/libertine/m/n/8 Never before encountered target's
 []


Underfull \hbox (badness 10000) in paragraph at lines 93--93
[]|\TU/libertine/m/n/8 Each Rank achieved with target's
 []

[59


]
Underfull \hbox (badness 10000) in paragraph at lines 443--447
[]\TU/libertine/m/n/7 Slight imperfec-
 []


Underfull \hbox (badness 10000) in paragraph at lines 453--457
[]\TU/libertine/m/n/7 The imperfections in
 []

[60] [61] [62

])
\openout2 = `magic/air.aux'.

 (./magic/air.tex [63


] [64] [65] [66] [67] [68

])
\openout2 = `magic/celestial.aux'.


(./magic/celestial.tex [69


] [70] [71] [72] [73] [74

])
\openout2 = `magic/earth.aux'.

 (./magic/earth.tex
[75


] [76] [77] [78

])
\openout2 = `magic/fire.aux'.

 (./magic/fire.tex [79


] [80] [81]
Underfull \hbox (badness 10000) in paragraph at lines 875--875
[]|\TU/libertine/m/n/8 Bronze and copper armour and
 []

[82])
\openout2 = `magic/ice.aux'.

 (./magic/ice.tex [83



] [84] [85] [86])
\openout2 = `magic/water.aux'.

 (./magic/water.tex [87



] [88]
[89] [90])
\openout2 = `magic/summoning.aux'.

 (./magic/summoning.tex [91



] [92] [93] [94

])
\openout2 = `magic/necro.aux'.

 (./magic/necro.tex
[95


] [96] [97] [98] [99] [100

])
\openout2 = `magic/rune.aux'.

 (./magic/rune.tex [101


] [102] [103] [104]
Underfull \hbox (badness 10000) in paragraph at lines 1130--1131
[]\TU/libertine/m/n/8 The average weight in pounds of a
 []

[105] [106

])
\openout2 = `magic/witchcraft.aux'.

 (./magic/witchcraft.tex
Underfull \hbox (badness 10000) in paragraph at lines 175--177
[]\TU/libertine/m/n/8 Prevents miscarriage and decreases
 []


Underfull \hbox (badness 7133) in paragraph at lines 187--188
[]\TU/libertine/m/n/8 Increases all of the wearer's Strike
 []


Underfull \hbox (badness 5274) in paragraph at lines 238--252
[]\TU/libertine/m/n/8 The ability to distill
 []

[107


]
Underfull \hbox (badness 10000) in paragraph at lines 309--314

 []

[108] [109] [110] [111] [112])
\openout2 = `skills/skills.aux'.

 (./skills/skills.tex
Chapter 0.
[113





])
\openout2 = `skills/adventuring.aux'.

 (./skills/adventuring.tex
Underfull \hbox (badness 10000) in paragraph at lines 1--1
[]\TU/biolinum/b/n/14 Adventuring Skills
 []

[114


]
Underfull \hbox (badness 10000) in paragraph at lines 326--336
[]\TU/libertine/m/n/8 Characters that are encumbered by non-
 []

[115])
\openout2 = `skills/alchemist.aux'.

 (./skills/alchemist.tex [116


] [117])
\openout2 = `skills/armourer.aux'.

 (./skills/armourer.tex [118


])
\openout2 = `skills/artisan.aux'.


(./skills/artisan.tex
Underfull \hbox (badness 10000) in paragraph at lines 18--19
[]\TU/libertine/m/n/8 simple hairstyling through to
 []


Underfull \hbox (badness 10000) in paragraph at lines 33--34
[]\TU/libertine/m/n/8 material collection,
 []


Underfull \hbox (badness 10000) in paragraph at lines 52--53
[]\TU/libertine/m/n/8 design and construc-
 []


Underfull \hbox (badness 10000) in paragraph at lines 57--58
[]\TU/libertine/m/n/8 setting printing type and
 []


Underfull \hbox (badness 10000) in paragraph at lines 58--59
[]\TU/libertine/m/n/8 material collection, bundling,
 []


Underfull \hbox (badness 10000) in paragraph at lines 59--60
[]\TU/libertine/m/n/8 plant collection, unravelling,
 []


Underfull \hbox (badness 10000) in paragraph at lines 66--67
[]\TU/libertine/m/n/8 cleaning, scraping,
 []


Underfull \hbox (badness 10000) in paragraph at lines 68--69
[]\TU/libertine/m/n/8 pithing, preserving, stuffing and
 []


Underfull \hbox (badness 10000) in paragraph at lines 71--72
[]\TU/libertine/m/n/8 funeral preparation and
 []

[119


] [120])
\openout2 = `skills/assassin.aux'.

 (./skills/assassin.tex [121


])
\openout2 = `skills/astrologer.aux'.

 (./skills/astrologer.tex [122


])
\openout2 = `skills/beastmaster.aux'.


(./skills/beastmaster.tex [123


])
\openout2 = `skills/courtesan.aux'.

 (./skills/courtesan.tex
Underfull \hbox (badness 10000) in paragraph at lines 80--84
[]\TU/libertine/m/n/8 the ability to rule subordinates
 []

[124


])
\openout2 = `skills/healer.aux'.

 (./skills/healer.tex
Underfull \hbox (badness 10000) in paragraph at lines 232--232
[]|\TU/libertine/m/n/8 per unsuccessful resurrection attempt
 []

[125


] [126])
\openout2 = `skills/herbalist.aux'.

 (./skills/herbalist.tex [127


] [128])
\openout2 = `skills/languages.aux'.

 (./skills/languages.tex
Underfull \hbox (badness 6876) in paragraph at lines 161--168
[]\TU/libertine/m/n/8 all languages of the
 []


Underfull \hbox (badness 10000) in paragraph at lines 207--210
\TU/libertine/m/n/8 Sanddweller[9e], Sea-of-Grass[9], Themiskryan
 []


Underfull \hbox (badness 10000) in paragraph at lines 211--213
[]\TU/libertine/m/n/8 Five-Sisters-Courtly[10*], Five-
 []


Underfull \hbox (badness 10000) in paragraph at lines 225--228
[]\TU/libertine/m/n/8 Gnomish[9r], Goblin[8w], Half-
 []

[129


] [130])
\openout2 = `skills/mechanician.aux'.

 (./skills/mechanician.tex
Underfull \hbox (badness 10000) in paragraph at lines 108--112
[]\TU/libertine/m/n/8 including material
 []


Underfull \hbox (badness 10000) in paragraph at lines 120--121
[]\TU/libertine/m/n/8 wagons, carriages and coaches.
 []


Underfull \hbox (badness 10000) in paragraph at lines 129--132
[]\TU/libertine/m/n/8 including stresses, valves,
 []


Underfull \hbox (badness 10000) in paragraph at lines 140--142
\TU/libertine/m/n/8 pulling and small component manufacture.
 []


Underfull \hbox (badness 10000) in paragraph at lines 164--167
[]\TU/libertine/m/n/8 optical devices (telescopes, magnifying
 []


Underfull \hbox (badness 10000) in paragraph at lines 192--198
[]\TU/libertine/m/n/8 This ability may be
 []

[131


] [132])
\openout2 = `skills/merchant.aux'.

 (./skills/merchant.tex [133


])
\openout2 = `skills/military.aux'.

 (./skills/military.tex [134


])
\openout2 = `skills/navigator.aux'.


(./skills/navigator.tex [135


])
\openout2 = `skills/philosopher.aux'.

 (./skills/philosopher.tex [136


] [137])
\openout2 = `skills/ranger.aux'.


(./skills/ranger.tex
Underfull \hbox (badness 10000) in paragraph at lines 60--65
[]\TU/libertine/m/n/8 A ranger
 []


Underfull \hbox (badness 10000) in paragraph at lines 255--257
[]\TU/libertine/m/n/8 Includes marshes &
 []

[138


]) [139]
\openout2 = `skills/spy.aux'.

 (./skills/spy.tex [140


])
\openout2 = `skills/thief.aux'.

 (./skills/thief.tex [141


])
\openout2 = `skills/troubadour.aux'.


(./skills/troubadour.tex
Underfull \hbox (badness 6016) in paragraph at lines 89--91
[]\TU/libertine/m/n/8 Creating and reciting poetry, including
 []

[142


])
\openout2 = `skills/warrior.aux'.

 (./skills/warrior.tex [143


])
\openout2 = `skills/weaponsmith.aux'.

 (./skills/weaponsmith.tex [144


])
\openout2 = `tables/spec-grev.aux'.


(./tables/spec-grev.tex) [145


]
\openout2 = `tables/fumble.aux'.

 (./tables/fumble.tex
Underfull \hbox (badness 5036) in paragraph at lines 222--223
[]\TU/libertine/m/n/8 does not include any non-magical weapon
 []

[146


])
\openout2 = `tables/backfire.aux'.

 (./tables/backfire.tex
Underfull \hbox (badness 5302) in paragraph at lines 128--131
[]\TU/libertine/m/n/8 A virulent skin disease halves Physical
 []

[147


])
\openout2 = `tables/fright.aux'.

 (./tables/fright.tex
Overfull \vbox (139.18103pt too high) has occurred while \output is active []


Overfull \vbox (171.44914pt too high) has occurred while \output is active []


Overfull \vbox (166.38692pt too high) has occurred while \output is active []


[148


]) [149]
\openout2 = `tables/ep.aux'.

 (./tables/ep.tex [150


]) [151]
\openout2 = `tables/weapons.aux'.

 (./tables/weapons.tex
Underfull \hbox (badness 1472) in paragraph at lines 50--54
[]\TU/libertine/m/n/8 The following weapons also function as
 []


Underfull \hbox (badness 1881) in paragraph at lines 61--69
[]\TU/libertine/m/n/8 A grenado is filled with any substance
 []

[152


]
Underfull \hbox (badness 3557) in paragraph at lines 319--321
\TU/libertine/m/n/8 nor by small figures, including Dwarves &
 []

) [153]
\openout2 = `tables/combat.aux'.

 (./tables/combat.tex

LaTeX Font Warning: Font shape `TU/libertine/m/sc' undefined
(Font)              using `TU/libertine/m/n' instead on input line 87.

)
Underfull \vbox (badness 10000) has occurred while \output is active []

 [154


]
Overfull \vbox (1.15642pt too high) has occurred while \output is active []


[155] (./tables/equation.tex
Underfull \hbox (badness 10000) in paragraph at lines 54--54

 []

) (./tables/misc.tex
Overfull \hbox (8.79999pt too wide) in paragraph at lines 54--1
[][]
 []


Underfull \hbox (badness 10000) in paragraph at lines 54--1

 []

) (./rules.ind [156

] [157

] [158] [159] [160] [161

]) [162


] (./rules.aux
(./copyright.aux) (./misc/character.aux) (./misc/combat.aux)
(./misc/adventure.aux) (./magic/magic.aux) (./magic/minor-magic.aux)
(./magic/detect-aura.aux) (./magic/college.aux) (./magic/non-college.aux)
(./magic/bardic.aux) (./magic/binder.aux) (./magic/enchant.aux)
(./magic/illusion.aux) (./magic/mind.aux) (./magic/namer.aux) (./magic/air.aux)
(./magic/celestial.aux) (./magic/earth.aux) (./magic/fire.aux) (./magic/ice.aux
) (./magic/water.aux) (./magic/summoning.aux) (./magic/necro.aux)
(./magic/rune.aux) (./magic/witchcraft.aux) (./skills/skills.aux)
(./skills/adventuring.aux) (./skills/alchemist.aux) (./skills/armourer.aux)
(./skills/artisan.aux) (./skills/assassin.aux) (./skills/astrologer.aux)
(./skills/beastmaster.aux) (./skills/courtesan.aux) (./skills/healer.aux)
(./skills/herbalist.aux) (./skills/languages.aux) (./skills/mechanician.aux)
(./skills/merchant.aux) (./skills/military.aux) (./skills/navigator.aux)
(./skills/philosopher.aux) (./skills/ranger.aux) (./skills/spy.aux)
(./skills/thief.aux) (./skills/troubadour.aux) (./skills/warrior.aux)
(./skills/weaponsmith.aux) (./tables/spec-grev.aux) (./tables/fumble.aux)
(./tables/backfire.aux) (./tables/fright.aux) (./tables/ep.aux)
(./tables/weapons.aux) (./tables/combat.aux))

LaTeX Font Warning: Some font shapes were not available, defaults substituted.

 ) 
Here is how much of TeX's memory you used:
 5511 strings out of 479418
 137838 string characters out of 5888544
 518013 words of memory out of 5000000
 22553 multiletter control sequences out of 15000+600000
 534497 words of font info for 72 fonts, out of 8000000 for 9000
 1348 hyphenation exceptions out of 8191
 57i,19n,93p,336b,527s stack positions out of 5000i,500n,10000p,200000b,80000s

Output written on rules.pdf (162 pages).
