\BOOKMARK [0][]{chapter.1}{1\040Character\040Generation}{}% 1
\BOOKMARK [1][-]{section.1.1}{1.1\040Characteristic\040Points}{chapter.1}% 2
\BOOKMARK [1][-]{section.1.2}{1.2\040Description}{chapter.1}% 3
\BOOKMARK [1][-]{section.1.3}{1.3\040Aspects}{chapter.1}% 4
\BOOKMARK [1][-]{section.1.4}{1.4\040Heritage}{chapter.1}% 5
\BOOKMARK [0][]{chapter.2}{2\040Explanation\040of\040Characteristics}{}% 6
\BOOKMARK [0][]{chapter.3}{3\040Ranking}{}% 7
\BOOKMARK [0][]{chapter.4}{4\040Health\040and\040Fitness}{}% 8
\BOOKMARK [0][]{chapter.5}{5\040Equipment\040and\040Money}{}% 9
\BOOKMARK [0][]{chapter.6}{6\040Combat\040\(Ver\0401.1\)}{}% 10
\BOOKMARK [1][-]{section.6.1}{6.1\040Definitions}{chapter.6}% 11
\BOOKMARK [0][]{chapter.7}{7\040Magic}{}% 12
\BOOKMARK [0][]{chapter.8}{8\040Cantrips}{}% 13
\BOOKMARK [1][-]{section.8.1}{8.1\040Restrictions}{chapter.8}% 14
\BOOKMARK [1][-]{section.8.2}{8.2\040Modifiers\040&\040Statistics}{chapter.8}% 15
\BOOKMARK [1][-]{section.8.3}{8.3\040Glamour\040Cantrips}{chapter.8}% 16
\BOOKMARK [0][]{chapter.9}{9\040Names\040&\040Auras}{}% 17
\BOOKMARK [0][]{chapter.10}{10\040College\040Magic}{}% 18
\BOOKMARK [1][-]{section.10.1}{10.1\040Introduction}{chapter.10}% 19
\BOOKMARK [1][-]{section.10.2}{10.2\040Counterspells}{chapter.10}% 20
\BOOKMARK [0][]{chapter.11}{11\040Non-College\040Magic}{}% 21
\BOOKMARK [0][]{chapter.12}{12\040The\040College\040of\040Bardic\040Magics\040\(Ver\0402.1\)}{}% 22
\BOOKMARK [0][]{chapter.13}{13\040The\040College\040of\040Binding\040and\040Animating\040Magics\040\(Ver\0401.2\)}{}% 23
\BOOKMARK [0][]{chapter.14}{14\040The\040College\040of\040Ensorcelments\040&\040Enchantments\040\(Ver\0401.1\)}{}% 24
\BOOKMARK [0][]{chapter.15}{15\040The\040College\040of\040Illusions\040\(Ver\0401.5\)}{}% 25
\BOOKMARK [0][]{chapter.16}{16\040The\040College\040of\040Sorceries\040of\040the\040Mind\040\(Ver\0401.6\)}{}% 26
\BOOKMARK [0][]{chapter.17}{17\040The\040College\040of\040Naming\040Incantations\040\(Ver\0402.0\)}{}% 27
\BOOKMARK [0][]{chapter.18}{18\040The\040College\040of\040Air\040Magics\040\(Ver\0402.1\)}{}% 28
\BOOKMARK [0][]{chapter.19}{19\040The\040College\040of\040Celestial\040Magics\040\(Ver\0401.3\)}{}% 29
\BOOKMARK [0][]{chapter.20}{20\040The\040College\040of\040Earth\040Magics\040\(Ver\0401.2\)}{}% 30
\BOOKMARK [0][]{chapter.21}{21\040The\040College\040of\040Fire\040Magics\040\(Ver\0402.0\)}{}% 31
\BOOKMARK [0][]{chapter.22}{22\040The\040College\040of\040Ice\040Magics\040\(Ver\0401.5\)}{}% 32
\BOOKMARK [0][]{chapter.23}{23\040The\040College\040of\040Water\040Magics\040\(Ver\0401.3\)}{}% 33
\BOOKMARK [0][]{chapter.24}{24\040The\040College\040of\040Greater\040Summonings\040\(Ver\0401.0\)}{}% 34
\BOOKMARK [0][]{chapter.25}{25\040The\040College\040of\040Necromantic\040Conjurations\040\(Ver\0401.1\)}{}% 35
\BOOKMARK [0][]{chapter.26}{26\040The\040College\040of\040Rune\040Magics\040\(Ver\0402.2\)}{}% 36
\BOOKMARK [0][]{chapter.27}{27\040The\040College\040of\040Witchcraft\040\(Ver\0401.1\)}{}% 37
\BOOKMARK [0][]{chapter.28}{28\040Skills}{}% 38
\BOOKMARK [0][]{chapter.29}{29\040Adventuring\040Skills\040\(Ver\0401.2\)}{}% 39
\BOOKMARK [0][]{chapter.30}{30\040Alchemist\040\(Ver\0401.1\)}{}% 40
\BOOKMARK [0][]{chapter.31}{31\040Armourer\040\(Ver\0401.3\)}{}% 41
\BOOKMARK [0][]{chapter.32}{32\040Artisan\040\(Ver\0402.0\)}{}% 42
\BOOKMARK [0][]{chapter.33}{33\040Assassin\040\(Ver\0401.0\)}{}% 43
\BOOKMARK [0][]{chapter.34}{34\040Astrologer\040\(Ver\0401.0\)}{}% 44
\BOOKMARK [0][]{chapter.35}{35\040Beast\040Master\040\(Ver\0401.1\)}{}% 45
\BOOKMARK [0][]{chapter.36}{36\040Courtier\040\(Ver\0402.1\)}{}% 46
\BOOKMARK [0][]{chapter.37}{37\040Healer\040\(Ver\0401.4\)}{}% 47
\BOOKMARK [0][]{chapter.38}{38\040Herbalist\040\(Ver\0401.1\)}{}% 48
\BOOKMARK [0][]{chapter.39}{39\040Languages\040\(Ver\0402.1\)}{}% 49
\BOOKMARK [1][-]{section.39.1}{39.1\040Restrictions}{chapter.39}% 50
\BOOKMARK [1][-]{section.39.2}{39.2\040Structure}{chapter.39}% 51
\BOOKMARK [1][-]{section.39.3}{39.3\040Benefits}{chapter.39}% 52
\BOOKMARK [1][-]{section.39.4}{39.4\040Literacy}{chapter.39}% 53
\BOOKMARK [1][-]{section.39.5}{39.5\040Special\040Rules}{chapter.39}% 54
\BOOKMARK [1][-]{section.39.6}{39.6\040Language\040Families}{chapter.39}% 55
\BOOKMARK [0][]{chapter.40}{40\040Mechanician\040\(Ver\0402.2\)}{}% 56
\BOOKMARK [0][]{chapter.41}{41\040Merchant\040\(Ver\0401.1\)}{}% 57
\BOOKMARK [0][]{chapter.42}{42\040Military\040Scientist\040\(Ver\0402.1\)}{}% 58
\BOOKMARK [0][]{chapter.43}{43\040Navigator\040\(Ver\0401.1\)}{}% 59
\BOOKMARK [0][]{chapter.44}{44\040Philosopher\040\(Ver\0402.0\)}{}% 60
\BOOKMARK [0][]{chapter.45}{45\040Ranger\040\(Ver\0402.1\)}{}% 61
\BOOKMARK [0][]{chapter.46}{46\040Spy\040\(Ver\0402.0\)}{}% 62
\BOOKMARK [0][]{chapter.47}{47\040Thief\040\(Ver\0401.2\)}{}% 63
\BOOKMARK [0][]{chapter.48}{48\040Troubadour\040\(Ver\0402.1\)}{}% 64
\BOOKMARK [0][]{chapter.49}{49\040Warrior\040\(Ver\0403.0\)}{}% 65
\BOOKMARK [0][]{chapter.50}{50\040Weaponsmith\040\(Ver\0401.1\)}{}% 66
\BOOKMARK [0][]{chapter.51}{51\040Grievous\040Injury\040Table}{}% 67
\BOOKMARK [0][]{chapter.52}{52\040Fumble\040Tables}{}% 68
\BOOKMARK [0][]{chapter.53}{53\040Backfire\040Table}{}% 69
\BOOKMARK [0][]{chapter.54}{54\040Fright\040&\040Awe\040Tables}{}% 70
\BOOKMARK [0][]{chapter.55}{55\040Experience\040Point\040Costs}{}% 71
\BOOKMARK [0][]{chapter.56}{56\040Weapons,\040Shields\040and\040Armour\040Charts}{}% 72
\BOOKMARK [0][]{chapter.57}{57\040Combat\040Tables}{}% 73
\BOOKMARK [0][]{chapter.58}{58\040Miscellaneous\040Tables}{}% 74
\BOOKMARK [0][]{chapter.59}{59\040Version\040History}{}% 75
